

Processing VizController#index (for 127.0.0.1 at 2008-12-02 14:15:47) [GET]
Rendering viz/index


ActionView::TemplateError (undefined method `nil_class_path' for #<ActionView::Base:0x245fa54>) on line #2 of app/views/viz/index.html.erb:
1: <h1>Viz#index</h1>
2: <% form_for :action => 'index' do %>
3:   <dl>
4:     <dt><%= label_tag 'N', 'Max core heating (N)' %></dt>
5:     <dd><%= text_field_tag 'N', '2.0' %></dd>

    /Library/Ruby/Gems/1.8/gems/actionpack-2.2.2/lib/action_controller/polymorphic_routes.rb:112:in `__send__'
    /Library/Ruby/Gems/1.8/gems/actionpack-2.2.2/lib/action_controller/polymorphic_routes.rb:112:in `polymorphic_url'
    /Library/Ruby/Gems/1.8/gems/actionpack-2.2.2/lib/action_controller/polymorphic_routes.rb:119:in `polymorphic_path'
    /Library/Ruby/Gems/1.8/gems/actionpack-2.2.2/lib/action_view/helpers/form_helper.rb:269:in `apply_form_for_options!'
    /Library/Ruby/Gems/1.8/gems/actionpack-2.2.2/lib/action_view/helpers/form_helper.rb:248:in `form_for'
    app/views/viz/index.html.erb:2
    /Library/Ruby/Gems/1.8/gems/actionpack-2.2.2/lib/action_view/renderable.rb:39:in `send'
    /Library/Ruby/Gems/1.8/gems/actionpack-2.2.2/lib/action_view/renderable.rb:39:in `render'
    /Library/Ruby/Gems/1.8/gems/actionpack-2.2.2/lib/action_view/template.rb:73:in `render_template'
    /Library/Ruby/Gems/1.8/gems/actionpack-2.2.2/lib/action_view/base.rb:256:in `render'
    /Library/Ruby/Gems/1.8/gems/actionpack-2.2.2/lib/action_controller/base.rb:1174:in `render_for_file'
    /Library/Ruby/Gems/1.8/gems/actionpack-2.2.2/lib/action_controller/base.rb:896:in `render_without_benchmark'
    /Library/Ruby/Gems/1.8/gems/actionpack-2.2.2/lib/action_controller/benchmarking.rb:51:in `render'
    /Library/Ruby/Gems/1.8/gems/activesupport-2.2.2/lib/active_support/core_ext/benchmark.rb:8:in `realtime'
    /Library/Ruby/Gems/1.8/gems/actionpack-2.2.2/lib/action_controller/benchmarking.rb:51:in `render'
    /Library/Ruby/Gems/1.8/gems/actionpack-2.2.2/lib/action_controller/base.rb:868:in `render_without_benchmark'
    /Library/Ruby/Gems/1.8/gems/actionpack-2.2.2/lib/action_controller/benchmarking.rb:51:in `render'
    /Library/Ruby/Gems/1.8/gems/activesupport-2.2.2/lib/active_support/core_ext/benchmark.rb:8:in `realtime'
    /Library/Ruby/Gems/1.8/gems/actionpack-2.2.2/lib/action_controller/benchmarking.rb:51:in `render'
    /Library/Ruby/Gems/1.8/gems/actionpack-2.2.2/lib/action_controller/base.rb:1248:in `default_render'
    /Library/Ruby/Gems/1.8/gems/actionpack-2.2.2/lib/action_controller/base.rb:1254:in `perform_action_without_filters'
    /Library/Ruby/Gems/1.8/gems/actionpack-2.2.2/lib/action_controller/filters.rb:617:in `call_filters'
    /Library/Ruby/Gems/1.8/gems/actionpack-2.2.2/lib/action_controller/filters.rb:610:in `perform_action_without_benchmark'
    /Library/Ruby/Gems/1.8/gems/actionpack-2.2.2/lib/action_controller/benchmarking.rb:68:in `perform_action_without_rescue'
    /System/Library/Frameworks/Ruby.framework/Versions/1.8/usr/lib/ruby/1.8/benchmark.rb:293:in `measure'
    /Library/Ruby/Gems/1.8/gems/actionpack-2.2.2/lib/action_controller/benchmarking.rb:68:in `perform_action_without_rescue'
    /Library/Ruby/Gems/1.8/gems/actionpack-2.2.2/lib/action_controller/rescue.rb:136:in `perform_action_without_caching'
    /Library/Ruby/Gems/1.8/gems/actionpack-2.2.2/lib/action_controller/caching/sql_cache.rb:13:in `perform_action'
    /Library/Ruby/Gems/1.8/gems/activerecord-2.2.2/lib/active_record/connection_adapters/abstract/query_cache.rb:34:in `cache'
    /Library/Ruby/Gems/1.8/gems/activerecord-2.2.2/lib/active_record/query_cache.rb:8:in `cache'
    /Library/Ruby/Gems/1.8/gems/actionpack-2.2.2/lib/action_controller/caching/sql_cache.rb:12:in `perform_action'
    /Library/Ruby/Gems/1.8/gems/actionpack-2.2.2/lib/action_controller/base.rb:524:in `send'
    /Library/Ruby/Gems/1.8/gems/actionpack-2.2.2/lib/action_controller/base.rb:524:in `process_without_filters'
    /Library/Ruby/Gems/1.8/gems/actionpack-2.2.2/lib/action_controller/filters.rb:606:in `process_without_session_management_support'
    /Library/Ruby/Gems/1.8/gems/actionpack-2.2.2/lib/action_controller/session_management.rb:134:in `process'
    /Library/Ruby/Gems/1.8/gems/actionpack-2.2.2/lib/action_controller/base.rb:392:in `process'
    /Library/Ruby/Gems/1.8/gems/actionpack-2.2.2/lib/action_controller/dispatcher.rb:183:in `handle_request'
    /Library/Ruby/Gems/1.8/gems/actionpack-2.2.2/lib/action_controller/dispatcher.rb:110:in `dispatch_unlocked'
    /Library/Ruby/Gems/1.8/gems/actionpack-2.2.2/lib/action_controller/dispatcher.rb:123:in `dispatch'
    /Library/Ruby/Gems/1.8/gems/actionpack-2.2.2/lib/action_controller/dispatcher.rb:122:in `synchronize'
    /Library/Ruby/Gems/1.8/gems/actionpack-2.2.2/lib/action_controller/dispatcher.rb:122:in `dispatch'
    /Library/Ruby/Gems/1.8/gems/actionpack-2.2.2/lib/action_controller/dispatcher.rb:132:in `dispatch_cgi'
    /Library/Ruby/Gems/1.8/gems/actionpack-2.2.2/lib/action_controller/dispatcher.rb:39:in `dispatch'
    /System/Library/Frameworks/Ruby.framework/Versions/1.8/usr/lib/ruby/gems/1.8/gems/mongrel-1.1.4/lib/mongrel/rails.rb:76:in `process'
    /System/Library/Frameworks/Ruby.framework/Versions/1.8/usr/lib/ruby/gems/1.8/gems/mongrel-1.1.4/lib/mongrel/rails.rb:74:in `synchronize'
    /System/Library/Frameworks/Ruby.framework/Versions/1.8/usr/lib/ruby/gems/1.8/gems/mongrel-1.1.4/lib/mongrel/rails.rb:74:in `process'
    /System/Library/Frameworks/Ruby.framework/Versions/1.8/usr/lib/ruby/gems/1.8/gems/mongrel-1.1.4/lib/mongrel.rb:159:in `process_client'
    /System/Library/Frameworks/Ruby.framework/Versions/1.8/usr/lib/ruby/gems/1.8/gems/mongrel-1.1.4/lib/mongrel.rb:158:in `each'
    /System/Library/Frameworks/Ruby.framework/Versions/1.8/usr/lib/ruby/gems/1.8/gems/mongrel-1.1.4/lib/mongrel.rb:158:in `process_client'
    /System/Library/Frameworks/Ruby.framework/Versions/1.8/usr/lib/ruby/gems/1.8/gems/mongrel-1.1.4/lib/mongrel.rb:285:in `run'
    /System/Library/Frameworks/Ruby.framework/Versions/1.8/usr/lib/ruby/gems/1.8/gems/mongrel-1.1.4/lib/mongrel.rb:285:in `initialize'
    /System/Library/Frameworks/Ruby.framework/Versions/1.8/usr/lib/ruby/gems/1.8/gems/mongrel-1.1.4/lib/mongrel.rb:285:in `new'
    /System/Library/Frameworks/Ruby.framework/Versions/1.8/usr/lib/ruby/gems/1.8/gems/mongrel-1.1.4/lib/mongrel.rb:285:in `run'
    /System/Library/Frameworks/Ruby.framework/Versions/1.8/usr/lib/ruby/gems/1.8/gems/mongrel-1.1.4/lib/mongrel.rb:268:in `initialize'
    /System/Library/Frameworks/Ruby.framework/Versions/1.8/usr/lib/ruby/gems/1.8/gems/mongrel-1.1.4/lib/mongrel.rb:268:in `new'
    /System/Library/Frameworks/Ruby.framework/Versions/1.8/usr/lib/ruby/gems/1.8/gems/mongrel-1.1.4/lib/mongrel.rb:268:in `run'
    /System/Library/Frameworks/Ruby.framework/Versions/1.8/usr/lib/ruby/gems/1.8/gems/mongrel-1.1.4/lib/mongrel/configurator.rb:282:in `run'
    /System/Library/Frameworks/Ruby.framework/Versions/1.8/usr/lib/ruby/gems/1.8/gems/mongrel-1.1.4/lib/mongrel/configurator.rb:281:in `each'
    /System/Library/Frameworks/Ruby.framework/Versions/1.8/usr/lib/ruby/gems/1.8/gems/mongrel-1.1.4/lib/mongrel/configurator.rb:281:in `run'
    /System/Library/Frameworks/Ruby.framework/Versions/1.8/usr/lib/ruby/gems/1.8/gems/mongrel-1.1.4/bin/mongrel_rails:128:in `run'
    /System/Library/Frameworks/Ruby.framework/Versions/1.8/usr/lib/ruby/gems/1.8/gems/mongrel-1.1.4/lib/mongrel/command.rb:212:in `run'
    /System/Library/Frameworks/Ruby.framework/Versions/1.8/usr/lib/ruby/gems/1.8/gems/mongrel-1.1.4/bin/mongrel_rails:281
    /Library/Ruby/Gems/1.8/gems/activesupport-2.2.2/lib/active_support/dependencies.rb:142:in `load_without_new_constant_marking'
    /Library/Ruby/Gems/1.8/gems/activesupport-2.2.2/lib/active_support/dependencies.rb:142:in `load'
    /Library/Ruby/Gems/1.8/gems/activesupport-2.2.2/lib/active_support/dependencies.rb:521:in `new_constants_in'
    /Library/Ruby/Gems/1.8/gems/activesupport-2.2.2/lib/active_support/dependencies.rb:142:in `load'
    /Library/Ruby/Gems/1.8/gems/rails-2.2.2/lib/commands/servers/mongrel.rb:64
    /Library/Ruby/Site/1.8/rubygems/custom_require.rb:31:in `gem_original_require'
    /Library/Ruby/Site/1.8/rubygems/custom_require.rb:31:in `require'
    /Library/Ruby/Gems/1.8/gems/activesupport-2.2.2/lib/active_support/dependencies.rb:153:in `require'
    /Library/Ruby/Gems/1.8/gems/activesupport-2.2.2/lib/active_support/dependencies.rb:521:in `new_constants_in'
    /Library/Ruby/Gems/1.8/gems/activesupport-2.2.2/lib/active_support/dependencies.rb:153:in `require'
    /Library/Ruby/Gems/1.8/gems/rails-2.2.2/lib/commands/server.rb:49
    /Library/Ruby/Site/1.8/rubygems/custom_require.rb:31:in `gem_original_require'
    /Library/Ruby/Site/1.8/rubygems/custom_require.rb:31:in `require'
    script/server:3

Rendered /Library/Ruby/Gems/1.8/gems/actionpack-2.2.2/lib/action_controller/templates/rescues/_trace (50.0ms)
Rendered /Library/Ruby/Gems/1.8/gems/actionpack-2.2.2/lib/action_controller/templates/rescues/_request_and_response (69.0ms)
Rendering /Library/Ruby/Gems/1.8/gems/actionpack-2.2.2/lib/action_controller/templates/rescues/layout.erb (internal_server_error)


Processing VizController#index (for 127.0.0.1 at 2008-12-02 14:16:14) [GET]
Rendering viz/index


ActionView::TemplateError (undefined method `nil_class_path' for #<ActionView::Base:0x241de74>) on line #2 of app/views/viz/index.html.erb:
1: <h1>Viz#index</h1>
2: <% form_for :controller => 'viz', :action => 'index' do %>
3:   <dl>
4:     <dt><%= label_tag 'N', 'Max core heating (N)' %></dt>
5:     <dd><%= text_field_tag 'N', '2.0' %></dd>

    /Library/Ruby/Gems/1.8/gems/actionpack-2.2.2/lib/action_controller/polymorphic_routes.rb:112:in `__send__'
    /Library/Ruby/Gems/1.8/gems/actionpack-2.2.2/lib/action_controller/polymorphic_routes.rb:112:in `polymorphic_url'
    /Library/Ruby/Gems/1.8/gems/actionpack-2.2.2/lib/action_controller/polymorphic_routes.rb:119:in `polymorphic_path'
    /Library/Ruby/Gems/1.8/gems/actionpack-2.2.2/lib/action_view/helpers/form_helper.rb:269:in `apply_form_for_options!'
    /Library/Ruby/Gems/1.8/gems/actionpack-2.2.2/lib/action_view/helpers/form_helper.rb:248:in `form_for'
    app/views/viz/index.html.erb:2
    /Library/Ruby/Gems/1.8/gems/actionpack-2.2.2/lib/action_view/renderable.rb:39:in `send'
    /Library/Ruby/Gems/1.8/gems/actionpack-2.2.2/lib/action_view/renderable.rb:39:in `render'
    /Library/Ruby/Gems/1.8/gems/actionpack-2.2.2/lib/action_view/template.rb:73:in `render_template'
    /Library/Ruby/Gems/1.8/gems/actionpack-2.2.2/lib/action_view/base.rb:256:in `render'
    /Library/Ruby/Gems/1.8/gems/actionpack-2.2.2/lib/action_controller/base.rb:1174:in `render_for_file'
    /Library/Ruby/Gems/1.8/gems/actionpack-2.2.2/lib/action_controller/base.rb:896:in `render_without_benchmark'
    /Library/Ruby/Gems/1.8/gems/actionpack-2.2.2/lib/action_controller/benchmarking.rb:51:in `render'
    /Library/Ruby/Gems/1.8/gems/activesupport-2.2.2/lib/active_support/core_ext/benchmark.rb:8:in `realtime'
    /Library/Ruby/Gems/1.8/gems/actionpack-2.2.2/lib/action_controller/benchmarking.rb:51:in `render'
    /Library/Ruby/Gems/1.8/gems/actionpack-2.2.2/lib/action_controller/base.rb:868:in `render_without_benchmark'
    /Library/Ruby/Gems/1.8/gems/actionpack-2.2.2/lib/action_controller/benchmarking.rb:51:in `render'
    /Library/Ruby/Gems/1.8/gems/activesupport-2.2.2/lib/active_support/core_ext/benchmark.rb:8:in `realtime'
    /Library/Ruby/Gems/1.8/gems/actionpack-2.2.2/lib/action_controller/benchmarking.rb:51:in `render'
    /Library/Ruby/Gems/1.8/gems/actionpack-2.2.2/lib/action_controller/base.rb:1248:in `default_render'
    /Library/Ruby/Gems/1.8/gems/actionpack-2.2.2/lib/action_controller/base.rb:1254:in `perform_action_without_filters'
    /Library/Ruby/Gems/1.8/gems/actionpack-2.2.2/lib/action_controller/filters.rb:617:in `call_filters'
    /Library/Ruby/Gems/1.8/gems/actionpack-2.2.2/lib/action_controller/filters.rb:610:in `perform_action_without_benchmark'
    /Library/Ruby/Gems/1.8/gems/actionpack-2.2.2/lib/action_controller/benchmarking.rb:68:in `perform_action_without_rescue'
    /System/Library/Frameworks/Ruby.framework/Versions/1.8/usr/lib/ruby/1.8/benchmark.rb:293:in `measure'
    /Library/Ruby/Gems/1.8/gems/actionpack-2.2.2/lib/action_controller/benchmarking.rb:68:in `perform_action_without_rescue'
    /Library/Ruby/Gems/1.8/gems/actionpack-2.2.2/lib/action_controller/rescue.rb:136:in `perform_action_without_caching'
    /Library/Ruby/Gems/1.8/gems/actionpack-2.2.2/lib/action_controller/caching/sql_cache.rb:13:in `perform_action'
    /Library/Ruby/Gems/1.8/gems/activerecord-2.2.2/lib/active_record/connection_adapters/abstract/query_cache.rb:34:in `cache'
    /Library/Ruby/Gems/1.8/gems/activerecord-2.2.2/lib/active_record/query_cache.rb:8:in `cache'
    /Library/Ruby/Gems/1.8/gems/actionpack-2.2.2/lib/action_controller/caching/sql_cache.rb:12:in `perform_action'
    /Library/Ruby/Gems/1.8/gems/actionpack-2.2.2/lib/action_controller/base.rb:524:in `send'
    /Library/Ruby/Gems/1.8/gems/actionpack-2.2.2/lib/action_controller/base.rb:524:in `process_without_filters'
    /Library/Ruby/Gems/1.8/gems/actionpack-2.2.2/lib/action_controller/filters.rb:606:in `process_without_session_management_support'
    /Library/Ruby/Gems/1.8/gems/actionpack-2.2.2/lib/action_controller/session_management.rb:134:in `process'
    /Library/Ruby/Gems/1.8/gems/actionpack-2.2.2/lib/action_controller/base.rb:392:in `process'
    /Library/Ruby/Gems/1.8/gems/actionpack-2.2.2/lib/action_controller/dispatcher.rb:183:in `handle_request'
    /Library/Ruby/Gems/1.8/gems/actionpack-2.2.2/lib/action_controller/dispatcher.rb:110:in `dispatch_unlocked'
    /Library/Ruby/Gems/1.8/gems/actionpack-2.2.2/lib/action_controller/dispatcher.rb:123:in `dispatch'
    /Library/Ruby/Gems/1.8/gems/actionpack-2.2.2/lib/action_controller/dispatcher.rb:122:in `synchronize'
    /Library/Ruby/Gems/1.8/gems/actionpack-2.2.2/lib/action_controller/dispatcher.rb:122:in `dispatch'
    /Library/Ruby/Gems/1.8/gems/actionpack-2.2.2/lib/action_controller/dispatcher.rb:132:in `dispatch_cgi'
    /Library/Ruby/Gems/1.8/gems/actionpack-2.2.2/lib/action_controller/dispatcher.rb:39:in `dispatch'
    /System/Library/Frameworks/Ruby.framework/Versions/1.8/usr/lib/ruby/gems/1.8/gems/mongrel-1.1.4/lib/mongrel/rails.rb:76:in `process'
    /System/Library/Frameworks/Ruby.framework/Versions/1.8/usr/lib/ruby/gems/1.8/gems/mongrel-1.1.4/lib/mongrel/rails.rb:74:in `synchronize'
    /System/Library/Frameworks/Ruby.framework/Versions/1.8/usr/lib/ruby/gems/1.8/gems/mongrel-1.1.4/lib/mongrel/rails.rb:74:in `process'
    /System/Library/Frameworks/Ruby.framework/Versions/1.8/usr/lib/ruby/gems/1.8/gems/mongrel-1.1.4/lib/mongrel.rb:159:in `process_client'
    /System/Library/Frameworks/Ruby.framework/Versions/1.8/usr/lib/ruby/gems/1.8/gems/mongrel-1.1.4/lib/mongrel.rb:158:in `each'
    /System/Library/Frameworks/Ruby.framework/Versions/1.8/usr/lib/ruby/gems/1.8/gems/mongrel-1.1.4/lib/mongrel.rb:158:in `process_client'
    /System/Library/Frameworks/Ruby.framework/Versions/1.8/usr/lib/ruby/gems/1.8/gems/mongrel-1.1.4/lib/mongrel.rb:285:in `run'
    /System/Library/Frameworks/Ruby.framework/Versions/1.8/usr/lib/ruby/gems/1.8/gems/mongrel-1.1.4/lib/mongrel.rb:285:in `initialize'
    /System/Library/Frameworks/Ruby.framework/Versions/1.8/usr/lib/ruby/gems/1.8/gems/mongrel-1.1.4/lib/mongrel.rb:285:in `new'
    /System/Library/Frameworks/Ruby.framework/Versions/1.8/usr/lib/ruby/gems/1.8/gems/mongrel-1.1.4/lib/mongrel.rb:285:in `run'
    /System/Library/Frameworks/Ruby.framework/Versions/1.8/usr/lib/ruby/gems/1.8/gems/mongrel-1.1.4/lib/mongrel.rb:268:in `initialize'
    /System/Library/Frameworks/Ruby.framework/Versions/1.8/usr/lib/ruby/gems/1.8/gems/mongrel-1.1.4/lib/mongrel.rb:268:in `new'
    /System/Library/Frameworks/Ruby.framework/Versions/1.8/usr/lib/ruby/gems/1.8/gems/mongrel-1.1.4/lib/mongrel.rb:268:in `run'
    /System/Library/Frameworks/Ruby.framework/Versions/1.8/usr/lib/ruby/gems/1.8/gems/mongrel-1.1.4/lib/mongrel/configurator.rb:282:in `run'
    /System/Library/Frameworks/Ruby.framework/Versions/1.8/usr/lib/ruby/gems/1.8/gems/mongrel-1.1.4/lib/mongrel/configurator.rb:281:in `each'
    /System/Library/Frameworks/Ruby.framework/Versions/1.8/usr/lib/ruby/gems/1.8/gems/mongrel-1.1.4/lib/mongrel/configurator.rb:281:in `run'
    /System/Library/Frameworks/Ruby.framework/Versions/1.8/usr/lib/ruby/gems/1.8/gems/mongrel-1.1.4/bin/mongrel_rails:128:in `run'
    /System/Library/Frameworks/Ruby.framework/Versions/1.8/usr/lib/ruby/gems/1.8/gems/mongrel-1.1.4/lib/mongrel/command.rb:212:in `run'
    /System/Library/Frameworks/Ruby.framework/Versions/1.8/usr/lib/ruby/gems/1.8/gems/mongrel-1.1.4/bin/mongrel_rails:281
    /Library/Ruby/Gems/1.8/gems/activesupport-2.2.2/lib/active_support/dependencies.rb:142:in `load_without_new_constant_marking'
    /Library/Ruby/Gems/1.8/gems/activesupport-2.2.2/lib/active_support/dependencies.rb:142:in `load'
    /Library/Ruby/Gems/1.8/gems/activesupport-2.2.2/lib/active_support/dependencies.rb:521:in `new_constants_in'
    /Library/Ruby/Gems/1.8/gems/activesupport-2.2.2/lib/active_support/dependencies.rb:142:in `load'
    /Library/Ruby/Gems/1.8/gems/rails-2.2.2/lib/commands/servers/mongrel.rb:64
    /Library/Ruby/Site/1.8/rubygems/custom_require.rb:31:in `gem_original_require'
    /Library/Ruby/Site/1.8/rubygems/custom_require.rb:31:in `require'
    /Library/Ruby/Gems/1.8/gems/activesupport-2.2.2/lib/active_support/dependencies.rb:153:in `require'
    /Library/Ruby/Gems/1.8/gems/activesupport-2.2.2/lib/active_support/dependencies.rb:521:in `new_constants_in'
    /Library/Ruby/Gems/1.8/gems/activesupport-2.2.2/lib/active_support/dependencies.rb:153:in `require'
    /Library/Ruby/Gems/1.8/gems/rails-2.2.2/lib/commands/server.rb:49
    /Library/Ruby/Site/1.8/rubygems/custom_require.rb:31:in `gem_original_require'
    /Library/Ruby/Site/1.8/rubygems/custom_require.rb:31:in `require'
    script/server:3

Rendered /Library/Ruby/Gems/1.8/gems/actionpack-2.2.2/lib/action_controller/templates/rescues/_trace (38.4ms)
Rendered /Library/Ruby/Gems/1.8/gems/actionpack-2.2.2/lib/action_controller/templates/rescues/_request_and_response (0.7ms)
Rendering /Library/Ruby/Gems/1.8/gems/actionpack-2.2.2/lib/action_controller/templates/rescues/layout.erb (internal_server_error)


Processing VizController#index (for 127.0.0.1 at 2008-12-02 14:17:26) [GET]
Rendering viz/index
Completed in 4ms (View: 2, DB: 0) | 200 OK [http://localhost/]


Processing VizController#index (for 127.0.0.1 at 2008-12-02 14:17:48) [POST]
  Parameters: {"commit"=>"Start Reactor", "X"=>"500", "N"=>"2.0", "authenticity_token"=>"93102e7d5e7ee5bd11e9c2e49f2fff34b8aac9f1"}
Rendering viz/index
Completed in 77ms (View: 74, DB: 0) | 200 OK [http://localhost/]


Processing VizController#index (for 127.0.0.1 at 2008-12-02 14:17:49) [POST]
  Parameters: {"commit"=>"Start Reactor", "X"=>"500", "N"=>"2.0", "authenticity_token"=>"93102e7d5e7ee5bd11e9c2e49f2fff34b8aac9f1"}
Rendering viz/index
Completed in 4ms (View: 2, DB: 0) | 200 OK [http://localhost/]


Processing VizController#index (for 127.0.0.1 at 2008-12-02 14:17:50) [POST]
  Parameters: {"commit"=>"Start Reactor", "X"=>"500", "N"=>"2.0", "authenticity_token"=>"93102e7d5e7ee5bd11e9c2e49f2fff34b8aac9f1"}
Rendering viz/index
Completed in 3ms (View: 2, DB: 0) | 200 OK [http://localhost/]


Processing VizController#index (for 127.0.0.1 at 2008-12-02 14:17:50) [POST]
  Parameters: {"commit"=>"Start Reactor", "X"=>"500", "N"=>"2.0", "authenticity_token"=>"93102e7d5e7ee5bd11e9c2e49f2fff34b8aac9f1"}
Rendering viz/index
Completed in 4ms (View: 2, DB: 0) | 200 OK [http://localhost/]


Processing VizController#index (for 127.0.0.1 at 2008-12-02 14:18:05) [POST]
  Parameters: {"commit"=>"Start Reactor", "X"=>"500", "N"=>"2.0", "authenticity_token"=>"93102e7d5e7ee5bd11e9c2e49f2fff34b8aac9f1"}
Rendering viz/index
Completed in 5ms (View: 3, DB: 0) | 200 OK [http://localhost/]


Processing VizController#index (for 127.0.0.1 at 2008-12-02 14:18:44) [POST]
  Parameters: {"commit"=>"Start Reactor", "X"=>"500", "N"=>"2.0", "authenticity_token"=>"93102e7d5e7ee5bd11e9c2e49f2fff34b8aac9f1"}
Rendering viz/index
Completed in 5ms (View: 3, DB: 0) | 200 OK [http://localhost/]


Processing VizController#index (for 127.0.0.1 at 2008-12-02 14:18:46) [POST]
  Parameters: {"commit"=>"Start Reactor", "X"=>"500", "N"=>"2.0", "authenticity_token"=>"93102e7d5e7ee5bd11e9c2e49f2fff34b8aac9f1"}
Rendering viz/index
Completed in 4ms (View: 2, DB: 0) | 200 OK [http://localhost/]


Processing VizController#index (for 127.0.0.1 at 2008-12-02 14:29:03) [POST]
  Parameters: {"commit"=>"Start Reactor", "X"=>"500", "N"=>"2.0", "authenticity_token"=>"93102e7d5e7ee5bd11e9c2e49f2fff34b8aac9f1"}


ArgumentError (bad value for range):
    /vendor/plugins/reactor/lib/plant.rb:18:in `initialize'
    /app/controllers/viz_controller.rb:4:in `new'
    /app/controllers/viz_controller.rb:4:in `index'
    /Library/Ruby/Gems/1.8/gems/actionpack-2.2.2/lib/action_controller/base.rb:1253:in `send'
    /Library/Ruby/Gems/1.8/gems/actionpack-2.2.2/lib/action_controller/base.rb:1253:in `perform_action_without_filters'
    /Library/Ruby/Gems/1.8/gems/actionpack-2.2.2/lib/action_controller/filters.rb:617:in `call_filters'
    /Library/Ruby/Gems/1.8/gems/actionpack-2.2.2/lib/action_controller/filters.rb:610:in `perform_action_without_benchmark'
    /Library/Ruby/Gems/1.8/gems/actionpack-2.2.2/lib/action_controller/benchmarking.rb:68:in `perform_action_without_rescue'
    /System/Library/Frameworks/Ruby.framework/Versions/1.8/usr/lib/ruby/1.8/benchmark.rb:293:in `measure'
    /Library/Ruby/Gems/1.8/gems/actionpack-2.2.2/lib/action_controller/benchmarking.rb:68:in `perform_action_without_rescue'
    /Library/Ruby/Gems/1.8/gems/actionpack-2.2.2/lib/action_controller/rescue.rb:136:in `perform_action_without_caching'
    /Library/Ruby/Gems/1.8/gems/actionpack-2.2.2/lib/action_controller/caching/sql_cache.rb:13:in `perform_action'
    /Library/Ruby/Gems/1.8/gems/activerecord-2.2.2/lib/active_record/connection_adapters/abstract/query_cache.rb:34:in `cache'
    /Library/Ruby/Gems/1.8/gems/activerecord-2.2.2/lib/active_record/query_cache.rb:8:in `cache'
    /Library/Ruby/Gems/1.8/gems/actionpack-2.2.2/lib/action_controller/caching/sql_cache.rb:12:in `perform_action'
    /Library/Ruby/Gems/1.8/gems/actionpack-2.2.2/lib/action_controller/base.rb:524:in `send'
    /Library/Ruby/Gems/1.8/gems/actionpack-2.2.2/lib/action_controller/base.rb:524:in `process_without_filters'
    /Library/Ruby/Gems/1.8/gems/actionpack-2.2.2/lib/action_controller/filters.rb:606:in `process_without_session_management_support'
    /Library/Ruby/Gems/1.8/gems/actionpack-2.2.2/lib/action_controller/session_management.rb:134:in `process'
    /Library/Ruby/Gems/1.8/gems/actionpack-2.2.2/lib/action_controller/base.rb:392:in `process'
    /Library/Ruby/Gems/1.8/gems/actionpack-2.2.2/lib/action_controller/dispatcher.rb:183:in `handle_request'
    /Library/Ruby/Gems/1.8/gems/actionpack-2.2.2/lib/action_controller/dispatcher.rb:110:in `dispatch_unlocked'
    /Library/Ruby/Gems/1.8/gems/actionpack-2.2.2/lib/action_controller/dispatcher.rb:123:in `dispatch'
    /Library/Ruby/Gems/1.8/gems/actionpack-2.2.2/lib/action_controller/dispatcher.rb:122:in `synchronize'
    /Library/Ruby/Gems/1.8/gems/actionpack-2.2.2/lib/action_controller/dispatcher.rb:122:in `dispatch'
    /Library/Ruby/Gems/1.8/gems/actionpack-2.2.2/lib/action_controller/dispatcher.rb:132:in `dispatch_cgi'
    /Library/Ruby/Gems/1.8/gems/actionpack-2.2.2/lib/action_controller/dispatcher.rb:39:in `dispatch'
    /System/Library/Frameworks/Ruby.framework/Versions/1.8/usr/lib/ruby/gems/1.8/gems/mongrel-1.1.4/bin/../lib/mongrel/rails.rb:76:in `process'
    /System/Library/Frameworks/Ruby.framework/Versions/1.8/usr/lib/ruby/gems/1.8/gems/mongrel-1.1.4/bin/../lib/mongrel/rails.rb:74:in `synchronize'
    /System/Library/Frameworks/Ruby.framework/Versions/1.8/usr/lib/ruby/gems/1.8/gems/mongrel-1.1.4/bin/../lib/mongrel/rails.rb:74:in `process'
    /System/Library/Frameworks/Ruby.framework/Versions/1.8/usr/lib/ruby/gems/1.8/gems/mongrel-1.1.4/lib/mongrel.rb:159:in `process_client'
    /System/Library/Frameworks/Ruby.framework/Versions/1.8/usr/lib/ruby/gems/1.8/gems/mongrel-1.1.4/lib/mongrel.rb:158:in `each'
    /System/Library/Frameworks/Ruby.framework/Versions/1.8/usr/lib/ruby/gems/1.8/gems/mongrel-1.1.4/lib/mongrel.rb:158:in `process_client'
    /System/Library/Frameworks/Ruby.framework/Versions/1.8/usr/lib/ruby/gems/1.8/gems/mongrel-1.1.4/lib/mongrel.rb:285:in `run'
    /System/Library/Frameworks/Ruby.framework/Versions/1.8/usr/lib/ruby/gems/1.8/gems/mongrel-1.1.4/lib/mongrel.rb:285:in `initialize'
    /System/Library/Frameworks/Ruby.framework/Versions/1.8/usr/lib/ruby/gems/1.8/gems/mongrel-1.1.4/lib/mongrel.rb:285:in `new'
    /System/Library/Frameworks/Ruby.framework/Versions/1.8/usr/lib/ruby/gems/1.8/gems/mongrel-1.1.4/lib/mongrel.rb:285:in `run'
    /System/Library/Frameworks/Ruby.framework/Versions/1.8/usr/lib/ruby/gems/1.8/gems/mongrel-1.1.4/lib/mongrel.rb:268:in `initialize'
    /System/Library/Frameworks/Ruby.framework/Versions/1.8/usr/lib/ruby/gems/1.8/gems/mongrel-1.1.4/lib/mongrel.rb:268:in `new'
    /System/Library/Frameworks/Ruby.framework/Versions/1.8/usr/lib/ruby/gems/1.8/gems/mongrel-1.1.4/lib/mongrel.rb:268:in `run'
    /System/Library/Frameworks/Ruby.framework/Versions/1.8/usr/lib/ruby/gems/1.8/gems/mongrel-1.1.4/lib/mongrel/configurator.rb:282:in `run'
    /System/Library/Frameworks/Ruby.framework/Versions/1.8/usr/lib/ruby/gems/1.8/gems/mongrel-1.1.4/lib/mongrel/configurator.rb:281:in `each'
    /System/Library/Frameworks/Ruby.framework/Versions/1.8/usr/lib/ruby/gems/1.8/gems/mongrel-1.1.4/lib/mongrel/configurator.rb:281:in `run'
    /System/Library/Frameworks/Ruby.framework/Versions/1.8/usr/lib/ruby/gems/1.8/gems/mongrel-1.1.4/bin/mongrel_rails:128:in `run'
    /System/Library/Frameworks/Ruby.framework/Versions/1.8/usr/lib/ruby/gems/1.8/gems/mongrel-1.1.4/lib/mongrel/command.rb:212:in `run'
    /System/Library/Frameworks/Ruby.framework/Versions/1.8/usr/lib/ruby/gems/1.8/gems/mongrel-1.1.4/bin/mongrel_rails:281
    /Library/Ruby/Gems/1.8/gems/activesupport-2.2.2/lib/active_support/dependencies.rb:142:in `load_without_new_constant_marking'
    /Library/Ruby/Gems/1.8/gems/activesupport-2.2.2/lib/active_support/dependencies.rb:142:in `load'
    /Library/Ruby/Gems/1.8/gems/activesupport-2.2.2/lib/active_support/dependencies.rb:521:in `new_constants_in'
    /Library/Ruby/Gems/1.8/gems/activesupport-2.2.2/lib/active_support/dependencies.rb:142:in `load'
    /Library/Ruby/Gems/1.8/gems/rails-2.2.2/lib/commands/servers/mongrel.rb:64
    /Library/Ruby/Site/1.8/rubygems/custom_require.rb:31:in `gem_original_require'
    /Library/Ruby/Site/1.8/rubygems/custom_require.rb:31:in `require'
    /Library/Ruby/Gems/1.8/gems/activesupport-2.2.2/lib/active_support/dependencies.rb:153:in `require'
    /Library/Ruby/Gems/1.8/gems/activesupport-2.2.2/lib/active_support/dependencies.rb:521:in `new_constants_in'
    /Library/Ruby/Gems/1.8/gems/activesupport-2.2.2/lib/active_support/dependencies.rb:153:in `require'
    /Library/Ruby/Gems/1.8/gems/rails-2.2.2/lib/commands/server.rb:49
    /Library/Ruby/Site/1.8/rubygems/custom_require.rb:31:in `gem_original_require'
    /Library/Ruby/Site/1.8/rubygems/custom_require.rb:31:in `require'
    script/server:3

Rendered /Library/Ruby/Gems/1.8/gems/actionpack-2.2.2/lib/action_controller/templates/rescues/_trace (34.0ms)
Rendered /Library/Ruby/Gems/1.8/gems/actionpack-2.2.2/lib/action_controller/templates/rescues/_request_and_response (1.1ms)
Rendering /Library/Ruby/Gems/1.8/gems/actionpack-2.2.2/lib/action_controller/templates/rescues/layout.erb (internal_server_error)


Processing VizController#index (for 127.0.0.1 at 2008-12-02 14:29:29) [POST]
  Parameters: {"commit"=>"Start Reactor", "X"=>"500", "N"=>"2.0", "authenticity_token"=>"93102e7d5e7ee5bd11e9c2e49f2fff34b8aac9f1"}


NoMethodError (undefined method `go' for #<Plant:0x207671c>):
    /app/controllers/viz_controller.rb:4:in `index'
    /Library/Ruby/Gems/1.8/gems/actionpack-2.2.2/lib/action_controller/base.rb:1253:in `send'
    /Library/Ruby/Gems/1.8/gems/actionpack-2.2.2/lib/action_controller/base.rb:1253:in `perform_action_without_filters'
    /Library/Ruby/Gems/1.8/gems/actionpack-2.2.2/lib/action_controller/filters.rb:617:in `call_filters'
    /Library/Ruby/Gems/1.8/gems/actionpack-2.2.2/lib/action_controller/filters.rb:610:in `perform_action_without_benchmark'
    /Library/Ruby/Gems/1.8/gems/actionpack-2.2.2/lib/action_controller/benchmarking.rb:68:in `perform_action_without_rescue'
    /System/Library/Frameworks/Ruby.framework/Versions/1.8/usr/lib/ruby/1.8/benchmark.rb:293:in `measure'
    /Library/Ruby/Gems/1.8/gems/actionpack-2.2.2/lib/action_controller/benchmarking.rb:68:in `perform_action_without_rescue'
    /Library/Ruby/Gems/1.8/gems/actionpack-2.2.2/lib/action_controller/rescue.rb:136:in `perform_action_without_caching'
    /Library/Ruby/Gems/1.8/gems/actionpack-2.2.2/lib/action_controller/caching/sql_cache.rb:13:in `perform_action'
    /Library/Ruby/Gems/1.8/gems/activerecord-2.2.2/lib/active_record/connection_adapters/abstract/query_cache.rb:34:in `cache'
    /Library/Ruby/Gems/1.8/gems/activerecord-2.2.2/lib/active_record/query_cache.rb:8:in `cache'
    /Library/Ruby/Gems/1.8/gems/actionpack-2.2.2/lib/action_controller/caching/sql_cache.rb:12:in `perform_action'
    /Library/Ruby/Gems/1.8/gems/actionpack-2.2.2/lib/action_controller/base.rb:524:in `send'
    /Library/Ruby/Gems/1.8/gems/actionpack-2.2.2/lib/action_controller/base.rb:524:in `process_without_filters'
    /Library/Ruby/Gems/1.8/gems/actionpack-2.2.2/lib/action_controller/filters.rb:606:in `process_without_session_management_support'
    /Library/Ruby/Gems/1.8/gems/actionpack-2.2.2/lib/action_controller/session_management.rb:134:in `process'
    /Library/Ruby/Gems/1.8/gems/actionpack-2.2.2/lib/action_controller/base.rb:392:in `process'
    /Library/Ruby/Gems/1.8/gems/actionpack-2.2.2/lib/action_controller/dispatcher.rb:183:in `handle_request'
    /Library/Ruby/Gems/1.8/gems/actionpack-2.2.2/lib/action_controller/dispatcher.rb:110:in `dispatch_unlocked'
    /Library/Ruby/Gems/1.8/gems/actionpack-2.2.2/lib/action_controller/dispatcher.rb:123:in `dispatch'
    /Library/Ruby/Gems/1.8/gems/actionpack-2.2.2/lib/action_controller/dispatcher.rb:122:in `synchronize'
    /Library/Ruby/Gems/1.8/gems/actionpack-2.2.2/lib/action_controller/dispatcher.rb:122:in `dispatch'
    /Library/Ruby/Gems/1.8/gems/actionpack-2.2.2/lib/action_controller/dispatcher.rb:132:in `dispatch_cgi'
    /Library/Ruby/Gems/1.8/gems/actionpack-2.2.2/lib/action_controller/dispatcher.rb:39:in `dispatch'
    /System/Library/Frameworks/Ruby.framework/Versions/1.8/usr/lib/ruby/gems/1.8/gems/mongrel-1.1.4/bin/../lib/mongrel/rails.rb:76:in `process'
    /System/Library/Frameworks/Ruby.framework/Versions/1.8/usr/lib/ruby/gems/1.8/gems/mongrel-1.1.4/bin/../lib/mongrel/rails.rb:74:in `synchronize'
    /System/Library/Frameworks/Ruby.framework/Versions/1.8/usr/lib/ruby/gems/1.8/gems/mongrel-1.1.4/bin/../lib/mongrel/rails.rb:74:in `process'
    /System/Library/Frameworks/Ruby.framework/Versions/1.8/usr/lib/ruby/gems/1.8/gems/mongrel-1.1.4/lib/mongrel.rb:159:in `process_client'
    /System/Library/Frameworks/Ruby.framework/Versions/1.8/usr/lib/ruby/gems/1.8/gems/mongrel-1.1.4/lib/mongrel.rb:158:in `each'
    /System/Library/Frameworks/Ruby.framework/Versions/1.8/usr/lib/ruby/gems/1.8/gems/mongrel-1.1.4/lib/mongrel.rb:158:in `process_client'
    /System/Library/Frameworks/Ruby.framework/Versions/1.8/usr/lib/ruby/gems/1.8/gems/mongrel-1.1.4/lib/mongrel.rb:285:in `run'
    /System/Library/Frameworks/Ruby.framework/Versions/1.8/usr/lib/ruby/gems/1.8/gems/mongrel-1.1.4/lib/mongrel.rb:285:in `initialize'
    /System/Library/Frameworks/Ruby.framework/Versions/1.8/usr/lib/ruby/gems/1.8/gems/mongrel-1.1.4/lib/mongrel.rb:285:in `new'
    /System/Library/Frameworks/Ruby.framework/Versions/1.8/usr/lib/ruby/gems/1.8/gems/mongrel-1.1.4/lib/mongrel.rb:285:in `run'
    /System/Library/Frameworks/Ruby.framework/Versions/1.8/usr/lib/ruby/gems/1.8/gems/mongrel-1.1.4/lib/mongrel.rb:268:in `initialize'
    /System/Library/Frameworks/Ruby.framework/Versions/1.8/usr/lib/ruby/gems/1.8/gems/mongrel-1.1.4/lib/mongrel.rb:268:in `new'
    /System/Library/Frameworks/Ruby.framework/Versions/1.8/usr/lib/ruby/gems/1.8/gems/mongrel-1.1.4/lib/mongrel.rb:268:in `run'
    /System/Library/Frameworks/Ruby.framework/Versions/1.8/usr/lib/ruby/gems/1.8/gems/mongrel-1.1.4/lib/mongrel/configurator.rb:282:in `run'
    /System/Library/Frameworks/Ruby.framework/Versions/1.8/usr/lib/ruby/gems/1.8/gems/mongrel-1.1.4/lib/mongrel/configurator.rb:281:in `each'
    /System/Library/Frameworks/Ruby.framework/Versions/1.8/usr/lib/ruby/gems/1.8/gems/mongrel-1.1.4/lib/mongrel/configurator.rb:281:in `run'
    /System/Library/Frameworks/Ruby.framework/Versions/1.8/usr/lib/ruby/gems/1.8/gems/mongrel-1.1.4/bin/mongrel_rails:128:in `run'
    /System/Library/Frameworks/Ruby.framework/Versions/1.8/usr/lib/ruby/gems/1.8/gems/mongrel-1.1.4/lib/mongrel/command.rb:212:in `run'
    /System/Library/Frameworks/Ruby.framework/Versions/1.8/usr/lib/ruby/gems/1.8/gems/mongrel-1.1.4/bin/mongrel_rails:281
    /Library/Ruby/Gems/1.8/gems/activesupport-2.2.2/lib/active_support/dependencies.rb:142:in `load_without_new_constant_marking'
    /Library/Ruby/Gems/1.8/gems/activesupport-2.2.2/lib/active_support/dependencies.rb:142:in `load'
    /Library/Ruby/Gems/1.8/gems/activesupport-2.2.2/lib/active_support/dependencies.rb:521:in `new_constants_in'
    /Library/Ruby/Gems/1.8/gems/activesupport-2.2.2/lib/active_support/dependencies.rb:142:in `load'
    /Library/Ruby/Gems/1.8/gems/rails-2.2.2/lib/commands/servers/mongrel.rb:64
    /Library/Ruby/Site/1.8/rubygems/custom_require.rb:31:in `gem_original_require'
    /Library/Ruby/Site/1.8/rubygems/custom_require.rb:31:in `require'
    /Library/Ruby/Gems/1.8/gems/activesupport-2.2.2/lib/active_support/dependencies.rb:153:in `require'
    /Library/Ruby/Gems/1.8/gems/activesupport-2.2.2/lib/active_support/dependencies.rb:521:in `new_constants_in'
    /Library/Ruby/Gems/1.8/gems/activesupport-2.2.2/lib/active_support/dependencies.rb:153:in `require'
    /Library/Ruby/Gems/1.8/gems/rails-2.2.2/lib/commands/server.rb:49
    /Library/Ruby/Site/1.8/rubygems/custom_require.rb:31:in `gem_original_require'
    /Library/Ruby/Site/1.8/rubygems/custom_require.rb:31:in `require'
    script/server:3

Rendered /Library/Ruby/Gems/1.8/gems/actionpack-2.2.2/lib/action_controller/templates/rescues/_trace (111.3ms)
Rendered /Library/Ruby/Gems/1.8/gems/actionpack-2.2.2/lib/action_controller/templates/rescues/_request_and_response (0.9ms)
Rendering /Library/Ruby/Gems/1.8/gems/actionpack-2.2.2/lib/action_controller/templates/rescues/layout.erb (internal_server_error)


Processing VizController#index (for 127.0.0.1 at 2008-12-02 14:29:41) [POST]
  Parameters: {"commit"=>"Start Reactor", "X"=>"500", "N"=>"2.0", "authenticity_token"=>"93102e7d5e7ee5bd11e9c2e49f2fff34b8aac9f1"}


NoMethodError (undefined method `go' for #<Plant:0x2374bd0>):
    /app/controllers/viz_controller.rb:4:in `index'
    /Library/Ruby/Gems/1.8/gems/actionpack-2.2.2/lib/action_controller/base.rb:1253:in `send'
    /Library/Ruby/Gems/1.8/gems/actionpack-2.2.2/lib/action_controller/base.rb:1253:in `perform_action_without_filters'
    /Library/Ruby/Gems/1.8/gems/actionpack-2.2.2/lib/action_controller/filters.rb:617:in `call_filters'
    /Library/Ruby/Gems/1.8/gems/actionpack-2.2.2/lib/action_controller/filters.rb:610:in `perform_action_without_benchmark'
    /Library/Ruby/Gems/1.8/gems/actionpack-2.2.2/lib/action_controller/benchmarking.rb:68:in `perform_action_without_rescue'
    /System/Library/Frameworks/Ruby.framework/Versions/1.8/usr/lib/ruby/1.8/benchmark.rb:293:in `measure'
    /Library/Ruby/Gems/1.8/gems/actionpack-2.2.2/lib/action_controller/benchmarking.rb:68:in `perform_action_without_rescue'
    /Library/Ruby/Gems/1.8/gems/actionpack-2.2.2/lib/action_controller/rescue.rb:136:in `perform_action_without_caching'
    /Library/Ruby/Gems/1.8/gems/actionpack-2.2.2/lib/action_controller/caching/sql_cache.rb:13:in `perform_action'
    /Library/Ruby/Gems/1.8/gems/activerecord-2.2.2/lib/active_record/connection_adapters/abstract/query_cache.rb:34:in `cache'
    /Library/Ruby/Gems/1.8/gems/activerecord-2.2.2/lib/active_record/query_cache.rb:8:in `cache'
    /Library/Ruby/Gems/1.8/gems/actionpack-2.2.2/lib/action_controller/caching/sql_cache.rb:12:in `perform_action'
    /Library/Ruby/Gems/1.8/gems/actionpack-2.2.2/lib/action_controller/base.rb:524:in `send'
    /Library/Ruby/Gems/1.8/gems/actionpack-2.2.2/lib/action_controller/base.rb:524:in `process_without_filters'
    /Library/Ruby/Gems/1.8/gems/actionpack-2.2.2/lib/action_controller/filters.rb:606:in `process_without_session_management_support'
    /Library/Ruby/Gems/1.8/gems/actionpack-2.2.2/lib/action_controller/session_management.rb:134:in `process'
    /Library/Ruby/Gems/1.8/gems/actionpack-2.2.2/lib/action_controller/base.rb:392:in `process'
    /Library/Ruby/Gems/1.8/gems/actionpack-2.2.2/lib/action_controller/dispatcher.rb:183:in `handle_request'
    /Library/Ruby/Gems/1.8/gems/actionpack-2.2.2/lib/action_controller/dispatcher.rb:110:in `dispatch_unlocked'
    /Library/Ruby/Gems/1.8/gems/actionpack-2.2.2/lib/action_controller/dispatcher.rb:123:in `dispatch'
    /Library/Ruby/Gems/1.8/gems/actionpack-2.2.2/lib/action_controller/dispatcher.rb:122:in `synchronize'
    /Library/Ruby/Gems/1.8/gems/actionpack-2.2.2/lib/action_controller/dispatcher.rb:122:in `dispatch'
    /Library/Ruby/Gems/1.8/gems/actionpack-2.2.2/lib/action_controller/dispatcher.rb:132:in `dispatch_cgi'
    /Library/Ruby/Gems/1.8/gems/actionpack-2.2.2/lib/action_controller/dispatcher.rb:39:in `dispatch'
    /System/Library/Frameworks/Ruby.framework/Versions/1.8/usr/lib/ruby/gems/1.8/gems/mongrel-1.1.4/bin/../lib/mongrel/rails.rb:76:in `process'
    /System/Library/Frameworks/Ruby.framework/Versions/1.8/usr/lib/ruby/gems/1.8/gems/mongrel-1.1.4/bin/../lib/mongrel/rails.rb:74:in `synchronize'
    /System/Library/Frameworks/Ruby.framework/Versions/1.8/usr/lib/ruby/gems/1.8/gems/mongrel-1.1.4/bin/../lib/mongrel/rails.rb:74:in `process'
    /System/Library/Frameworks/Ruby.framework/Versions/1.8/usr/lib/ruby/gems/1.8/gems/mongrel-1.1.4/lib/mongrel.rb:159:in `process_client'
    /System/Library/Frameworks/Ruby.framework/Versions/1.8/usr/lib/ruby/gems/1.8/gems/mongrel-1.1.4/lib/mongrel.rb:158:in `each'
    /System/Library/Frameworks/Ruby.framework/Versions/1.8/usr/lib/ruby/gems/1.8/gems/mongrel-1.1.4/lib/mongrel.rb:158:in `process_client'
    /System/Library/Frameworks/Ruby.framework/Versions/1.8/usr/lib/ruby/gems/1.8/gems/mongrel-1.1.4/lib/mongrel.rb:285:in `run'
    /System/Library/Frameworks/Ruby.framework/Versions/1.8/usr/lib/ruby/gems/1.8/gems/mongrel-1.1.4/lib/mongrel.rb:285:in `initialize'
    /System/Library/Frameworks/Ruby.framework/Versions/1.8/usr/lib/ruby/gems/1.8/gems/mongrel-1.1.4/lib/mongrel.rb:285:in `new'
    /System/Library/Frameworks/Ruby.framework/Versions/1.8/usr/lib/ruby/gems/1.8/gems/mongrel-1.1.4/lib/mongrel.rb:285:in `run'
    /System/Library/Frameworks/Ruby.framework/Versions/1.8/usr/lib/ruby/gems/1.8/gems/mongrel-1.1.4/lib/mongrel.rb:268:in `initialize'
    /System/Library/Frameworks/Ruby.framework/Versions/1.8/usr/lib/ruby/gems/1.8/gems/mongrel-1.1.4/lib/mongrel.rb:268:in `new'
    /System/Library/Frameworks/Ruby.framework/Versions/1.8/usr/lib/ruby/gems/1.8/gems/mongrel-1.1.4/lib/mongrel.rb:268:in `run'
    /System/Library/Frameworks/Ruby.framework/Versions/1.8/usr/lib/ruby/gems/1.8/gems/mongrel-1.1.4/lib/mongrel/configurator.rb:282:in `run'
    /System/Library/Frameworks/Ruby.framework/Versions/1.8/usr/lib/ruby/gems/1.8/gems/mongrel-1.1.4/lib/mongrel/configurator.rb:281:in `each'
    /System/Library/Frameworks/Ruby.framework/Versions/1.8/usr/lib/ruby/gems/1.8/gems/mongrel-1.1.4/lib/mongrel/configurator.rb:281:in `run'
    /System/Library/Frameworks/Ruby.framework/Versions/1.8/usr/lib/ruby/gems/1.8/gems/mongrel-1.1.4/bin/mongrel_rails:128:in `run'
    /System/Library/Frameworks/Ruby.framework/Versions/1.8/usr/lib/ruby/gems/1.8/gems/mongrel-1.1.4/lib/mongrel/command.rb:212:in `run'
    /System/Library/Frameworks/Ruby.framework/Versions/1.8/usr/lib/ruby/gems/1.8/gems/mongrel-1.1.4/bin/mongrel_rails:281
    /Library/Ruby/Gems/1.8/gems/activesupport-2.2.2/lib/active_support/dependencies.rb:142:in `load_without_new_constant_marking'
    /Library/Ruby/Gems/1.8/gems/activesupport-2.2.2/lib/active_support/dependencies.rb:142:in `load'
    /Library/Ruby/Gems/1.8/gems/activesupport-2.2.2/lib/active_support/dependencies.rb:521:in `new_constants_in'
    /Library/Ruby/Gems/1.8/gems/activesupport-2.2.2/lib/active_support/dependencies.rb:142:in `load'
    /Library/Ruby/Gems/1.8/gems/rails-2.2.2/lib/commands/servers/mongrel.rb:64
    /Library/Ruby/Site/1.8/rubygems/custom_require.rb:31:in `gem_original_require'
    /Library/Ruby/Site/1.8/rubygems/custom_require.rb:31:in `require'
    /Library/Ruby/Gems/1.8/gems/activesupport-2.2.2/lib/active_support/dependencies.rb:153:in `require'
    /Library/Ruby/Gems/1.8/gems/activesupport-2.2.2/lib/active_support/dependencies.rb:521:in `new_constants_in'
    /Library/Ruby/Gems/1.8/gems/activesupport-2.2.2/lib/active_support/dependencies.rb:153:in `require'
    /Library/Ruby/Gems/1.8/gems/rails-2.2.2/lib/commands/server.rb:49
    /Library/Ruby/Site/1.8/rubygems/custom_require.rb:31:in `gem_original_require'
    /Library/Ruby/Site/1.8/rubygems/custom_require.rb:31:in `require'
    script/server:3

Rendered /Library/Ruby/Gems/1.8/gems/actionpack-2.2.2/lib/action_controller/templates/rescues/_trace (30.3ms)
Rendered /Library/Ruby/Gems/1.8/gems/actionpack-2.2.2/lib/action_controller/templates/rescues/_request_and_response (0.9ms)
Rendering /Library/Ruby/Gems/1.8/gems/actionpack-2.2.2/lib/action_controller/templates/rescues/layout.erb (internal_server_error)


Processing VizController#index (for 127.0.0.1 at 2008-12-02 14:30:23) [POST]
  Parameters: {"commit"=>"Start Reactor", "X"=>"500", "N"=>"2.0", "authenticity_token"=>"93102e7d5e7ee5bd11e9c2e49f2fff34b8aac9f1"}
Rendering viz/index
Rendered viz/_plant (0.3ms)
Completed in 186ms (View: 5, DB: 0) | 200 OK [http://localhost/]


Processing VizController#index (for 127.0.0.1 at 2008-12-02 14:30:56) [POST]
  Parameters: {"commit"=>"Start Reactor", "X"=>"500", "N"=>"2.0", "authenticity_token"=>"93102e7d5e7ee5bd11e9c2e49f2fff34b8aac9f1"}
Rendering viz/index
Rendered viz/_plant (0.3ms)
Completed in 308ms (View: 5, DB: 0) | 200 OK [http://localhost/]


Processing VizController#index (for 127.0.0.1 at 2008-12-02 14:31:27) [POST]
  Parameters: {"commit"=>"Start Reactor", "X"=>"500", "N"=>"2.0", "authenticity_token"=>"93102e7d5e7ee5bd11e9c2e49f2fff34b8aac9f1"}
Rendering viz/index
Rendered viz/_plant (0.3ms)
Completed in 151ms (View: 5, DB: 0) | 200 OK [http://localhost/]


Processing VizController#index (for 127.0.0.1 at 2008-12-02 14:35:45) [POST]
  Parameters: {"commit"=>"Start Reactor", "X"=>"500", "N"=>"2.0", "authenticity_token"=>"93102e7d5e7ee5bd11e9c2e49f2fff34b8aac9f1"}
Rendering viz/index
Rendered viz/_plant (0.3ms)
Completed in 89ms (View: 5, DB: 0) | 200 OK [http://localhost/]


Processing VizController#index (for 127.0.0.1 at 2008-12-02 14:36:45) [POST]
  Parameters: {"commit"=>"Start Reactor", "X"=>"500", "N"=>"2.0", "authenticity_token"=>"93102e7d5e7ee5bd11e9c2e49f2fff34b8aac9f1"}
Rendering viz/index
Rendered viz/_plant (0.3ms)
Completed in 539ms (View: 5, DB: 0) | 200 OK [http://localhost/]


Processing VizController#index (for 127.0.0.1 at 2008-12-02 14:37:23) [POST]
  Parameters: {"commit"=>"Start Reactor", "X"=>"500", "N"=>"2.0", "authenticity_token"=>"93102e7d5e7ee5bd11e9c2e49f2fff34b8aac9f1"}
Rendering viz/index
Rendered viz/_plant (0.3ms)
Completed in 209ms (View: 5, DB: 0) | 200 OK [http://localhost/]


Processing VizController#index (for 127.0.0.1 at 2008-12-02 14:40:21) [POST]
  Parameters: {"commit"=>"Start Reactor", "X"=>"500", "N"=>"2.0", "authenticity_token"=>"93102e7d5e7ee5bd11e9c2e49f2fff34b8aac9f1"}
Rendering viz/index
Rendered viz/_plant (0.3ms)
Completed in 782ms (View: 5, DB: 0) | 200 OK [http://localhost/]


Processing VizController#index (for 127.0.0.1 at 2008-12-02 14:41:57) [POST]
  Parameters: {"commit"=>"Start Reactor", "X"=>"500", "N"=>"2.0", "authenticity_token"=>"93102e7d5e7ee5bd11e9c2e49f2fff34b8aac9f1"}
Rendering viz/index
Rendered viz/_plant (0.4ms)
Completed in 1353ms (View: 34, DB: 0) | 200 OK [http://localhost/]


Processing VizController#index (for 127.0.0.1 at 2008-12-02 14:42:39) [POST]
  Parameters: {"commit"=>"Start Reactor", "X"=>"500", "N"=>"2.0", "authenticity_token"=>"93102e7d5e7ee5bd11e9c2e49f2fff34b8aac9f1"}
Rendering viz/index
Rendered viz/_plant (0.3ms)
Completed in 1842ms (View: 7, DB: 0) | 200 OK [http://localhost/]


Processing VizController#index (for 127.0.0.1 at 2008-12-02 14:43:20) [POST]
  Parameters: {"commit"=>"Start Reactor", "X"=>"500", "N"=>"2.0", "authenticity_token"=>"93102e7d5e7ee5bd11e9c2e49f2fff34b8aac9f1"}
Rendering viz/index
Rendered viz/_plant (0.3ms)
Completed in 1081ms (View: 5, DB: 0) | 200 OK [http://localhost/]


Processing VizController#index (for 127.0.0.1 at 2008-12-02 14:44:19) [POST]
  Parameters: {"commit"=>"Start Reactor", "X"=>"500", "N"=>"2.0", "authenticity_token"=>"93102e7d5e7ee5bd11e9c2e49f2fff34b8aac9f1"}
Rendering viz/index
Rendered viz/_plant (0.3ms)
Completed in 322ms (View: 5, DB: 0) | 200 OK [http://localhost/]


Processing VizController#index (for 127.0.0.1 at 2008-12-02 14:44:52) [POST]
  Parameters: {"commit"=>"Start Reactor", "X"=>"500", "N"=>"2.0", "authenticity_token"=>"93102e7d5e7ee5bd11e9c2e49f2fff34b8aac9f1"}
Rendering viz/index
Rendered viz/_plant (0.3ms)
Completed in 829ms (View: 5, DB: 0) | 200 OK [http://localhost/]


Processing VizController#index (for 127.0.0.1 at 2008-12-02 14:51:50) [POST]
  Parameters: {"commit"=>"Start Reactor", "X"=>"500", "N"=>"2.0", "authenticity_token"=>"93102e7d5e7ee5bd11e9c2e49f2fff34b8aac9f1"}
Rendering viz/index
Rendered viz/_plant (406.3ms)
Completed in 1327ms (View: 413, DB: 0) | 200 OK [http://localhost/]


Processing VizController#index (for 127.0.0.1 at 2008-12-02 14:52:27) [POST]
  Parameters: {"commit"=>"Start Reactor", "X"=>"500", "N"=>"2.0", "authenticity_token"=>"93102e7d5e7ee5bd11e9c2e49f2fff34b8aac9f1"}
Rendering viz/index
Rendered viz/_plant (103.4ms)
Completed in 435ms (View: 108, DB: 0) | 200 OK [http://localhost/]


Processing VizController#index (for 127.0.0.1 at 2008-12-02 14:54:02) [POST]
  Parameters: {"commit"=>"Start Reactor", "X"=>"500", "N"=>"2.0", "authenticity_token"=>"93102e7d5e7ee5bd11e9c2e49f2fff34b8aac9f1"}
Rendering viz/index
Rendered viz/_plant (42.8ms)
Completed in 152ms (View: 47, DB: 0) | 200 OK [http://localhost/]


Processing VizController#index (for 127.0.0.1 at 2008-12-02 14:55:12) [POST]
  Parameters: {"commit"=>"Start Reactor", "X"=>"500", "N"=>"2.0", "authenticity_token"=>"93102e7d5e7ee5bd11e9c2e49f2fff34b8aac9f1"}
Rendering viz/index
Rendered viz/_plant (106.9ms)
Completed in 187ms (View: 111, DB: 0) | 200 OK [http://localhost/]


Processing VizController#index (for 127.0.0.1 at 2008-12-02 14:55:47) [POST]
  Parameters: {"commit"=>"Start Reactor", "X"=>"500", "N"=>"2.0", "authenticity_token"=>"93102e7d5e7ee5bd11e9c2e49f2fff34b8aac9f1"}
Rendering viz/index
Rendered viz/_plant (1077.8ms)
Completed in 3318ms (View: 1212, DB: 0) | 200 OK [http://localhost/]


Processing VizController#index (for 127.0.0.1 at 2008-12-02 14:56:01) [POST]
  Parameters: {"commit"=>"Start Reactor", "X"=>"500", "N"=>"2.0", "authenticity_token"=>"93102e7d5e7ee5bd11e9c2e49f2fff34b8aac9f1"}
Rendering viz/index
Rendered viz/_plant (45.7ms)
Completed in 174ms (View: 51, DB: 0) | 200 OK [http://localhost/]


Processing VizController#index (for 127.0.0.1 at 2008-12-02 14:57:17) [POST]
  Parameters: {"commit"=>"Start Reactor", "X"=>"500", "N"=>"2.0", "authenticity_token"=>"93102e7d5e7ee5bd11e9c2e49f2fff34b8aac9f1"}
Rendering viz/index
Rendered viz/_plant (367.7ms)
Completed in 1115ms (View: 374, DB: 0) | 200 OK [http://localhost/]


Processing VizController#index (for 127.0.0.1 at 2008-12-02 14:58:16) [POST]
  Parameters: {"commit"=>"Start Reactor", "X"=>"500", "N"=>"2.0", "authenticity_token"=>"93102e7d5e7ee5bd11e9c2e49f2fff34b8aac9f1"}
Rendering viz/index
Rendered viz/_plant (176.9ms)
Completed in 380ms (View: 182, DB: 0) | 200 OK [http://localhost/]


Processing VizController#index (for 127.0.0.1 at 2008-12-02 14:58:54) [POST]
  Parameters: {"commit"=>"Start Reactor", "X"=>"500", "N"=>"2.0", "authenticity_token"=>"93102e7d5e7ee5bd11e9c2e49f2fff34b8aac9f1"}
Rendering viz/index
Rendered viz/_plant (338.6ms)
Completed in 931ms (View: 345, DB: 0) | 200 OK [http://localhost/]


Processing VizController#index (for 127.0.0.1 at 2008-12-02 14:59:55) [POST]
  Parameters: {"commit"=>"Start Reactor", "X"=>"500", "N"=>"2.0", "authenticity_token"=>"93102e7d5e7ee5bd11e9c2e49f2fff34b8aac9f1"}
Rendering viz/index
Rendered viz/_plant (95.4ms)
Completed in 426ms (View: 100, DB: 0) | 200 OK [http://localhost/]


Processing VizController#index (for 127.0.0.1 at 2008-12-02 15:06:00) [POST]
  Parameters: {"commit"=>"Start Reactor", "X"=>"500", "N"=>"2.0", "authenticity_token"=>"93102e7d5e7ee5bd11e9c2e49f2fff34b8aac9f1"}
Rendering viz/index
Rendered viz/_plant (69.4ms)
Completed in 244ms (View: 74, DB: 0) | 200 OK [http://localhost/]


Processing VizController#index (for 127.0.0.1 at 2008-12-02 15:06:53) [POST]
  Parameters: {"commit"=>"Start Reactor", "X"=>"500", "N"=>"2.0", "authenticity_token"=>"93102e7d5e7ee5bd11e9c2e49f2fff34b8aac9f1"}
Rendering viz/index
Rendered viz/_plant (1488.1ms)
Completed in 4251ms (View: 1499, DB: 0) | 200 OK [http://localhost/]


Processing VizController#index (for 127.0.0.1 at 2008-12-02 15:07:16) [POST]
  Parameters: {"commit"=>"Start Reactor", "X"=>"500", "N"=>"2.0", "authenticity_token"=>"93102e7d5e7ee5bd11e9c2e49f2fff34b8aac9f1"}
Rendering viz/index
Rendered viz/_plant (162.8ms)
Completed in 570ms (View: 168, DB: 0) | 200 OK [http://localhost/]


Processing VizController#index (for 127.0.0.1 at 2008-12-02 15:09:18) [POST]
  Parameters: {"commit"=>"Start Reactor", "X"=>"500", "N"=>"2.0", "authenticity_token"=>"93102e7d5e7ee5bd11e9c2e49f2fff34b8aac9f1"}
Rendering viz/index
Rendered viz/_plant (205.0ms)
Completed in 810ms (View: 277, DB: 0) | 200 OK [http://localhost/]


Processing VizController#index (for 127.0.0.1 at 2008-12-02 15:10:51) [POST]
  Parameters: {"commit"=>"Start Reactor", "X"=>"500", "N"=>"2.0", "authenticity_token"=>"93102e7d5e7ee5bd11e9c2e49f2fff34b8aac9f1"}
Rendering viz/index
Rendered viz/_plant (360.0ms)
Completed in 930ms (View: 366, DB: 0) | 200 OK [http://localhost/]


Processing VizController#index (for 127.0.0.1 at 2008-12-02 15:11:11) [POST]
  Parameters: {"commit"=>"Start Reactor", "X"=>"500", "N"=>"2.0", "authenticity_token"=>"93102e7d5e7ee5bd11e9c2e49f2fff34b8aac9f1"}
Rendering viz/index
Rendered viz/_plant (547.4ms)
Completed in 1503ms (View: 555, DB: 0) | 200 OK [http://localhost/]


Processing VizController#index (for 127.0.0.1 at 2008-12-02 15:12:14) [POST]
  Parameters: {"commit"=>"Start Reactor", "X"=>"500", "N"=>"2.0", "authenticity_token"=>"93102e7d5e7ee5bd11e9c2e49f2fff34b8aac9f1"}
Rendering viz/index
Rendered viz/_plant (55.1ms)
Completed in 163ms (View: 60, DB: 0) | 200 OK [http://localhost/]


Processing VizController#index (for 127.0.0.1 at 2008-12-02 16:06:41) [GET]
Rendering viz/index
Completed in 4ms (View: 2, DB: 0) | 200 OK [http://localhost/]


Processing VizController#index (for 127.0.0.1 at 2008-12-02 16:07:03) [POST]
  Parameters: {"commit"=>"Start Reactor", "X"=>"500", "N"=>"0.5", "authenticity_token"=>"93102e7d5e7ee5bd11e9c2e49f2fff34b8aac9f1"}
Rendering viz/index
Rendered viz/_plant (0.8ms)
Completed in 8ms (View: 5, DB: 0) | 200 OK [http://localhost/]


Processing VizController#index (for 127.0.0.1 at 2008-12-02 16:07:13) [POST]
  Parameters: {"commit"=>"Start Reactor", "X"=>"500", "N"=>"2.0", "authenticity_token"=>"93102e7d5e7ee5bd11e9c2e49f2fff34b8aac9f1"}
Rendering viz/index
Rendered viz/_plant (352.5ms)
Completed in 892ms (View: 358, DB: 0) | 200 OK [http://localhost/]


Processing VizController#index (for 127.0.0.1 at 2008-12-02 16:07:25) [POST]
  Parameters: {"commit"=>"Start Reactor", "X"=>"500", "N"=>"0.5", "authenticity_token"=>"93102e7d5e7ee5bd11e9c2e49f2fff34b8aac9f1"}
Rendering viz/index
Rendered viz/_plant (0.7ms)
Completed in 8ms (View: 5, DB: 0) | 200 OK [http://localhost/]


Processing VizController#index (for 127.0.0.1 at 2008-12-02 16:07:44) [POST]
  Parameters: {"commit"=>"Start Reactor", "X"=>"500", "N"=>"0.5", "authenticity_token"=>"93102e7d5e7ee5bd11e9c2e49f2fff34b8aac9f1"}

***** Debugger requested, but was not available: Start server with --debugger to enable *****
Rendering viz/index
Rendered viz/_plant (0.8ms)
Completed in 9ms (View: 5, DB: 0) | 200 OK [http://localhost/]


Processing VizController#index (for 127.0.0.1 at 2008-12-02 16:08:02) [GET]
Rendering viz/index
Completed in 4ms (View: 3, DB: 0) | 200 OK [http://localhost/]


Processing VizController#index (for 127.0.0.1 at 2008-12-02 16:08:03) [POST]
  Parameters: {"commit"=>"Start Reactor", "X"=>"500", "N"=>"0.5", "authenticity_token"=>"93102e7d5e7ee5bd11e9c2e49f2fff34b8aac9f1"}

***** Debugger requested, but was not available: Start server with --debugger to enable *****
Rendering viz/index
Rendered viz/_plant (0.7ms)
Completed in 8ms (View: 5, DB: 0) | 200 OK [http://localhost/]


Processing VizController#index (for 127.0.0.1 at 2008-12-02 16:08:16) [POST]
  Parameters: {"commit"=>"Start Reactor", "X"=>"500", "N"=>"0.5", "authenticity_token"=>"93102e7d5e7ee5bd11e9c2e49f2fff34b8aac9f1"}


Processing VizController#index (for 127.0.0.1 at 2008-12-02 16:09:35) [POST]
  Parameters: {"commit"=>"Start Reactor", "X"=>"500", "N"=>"0.5", "authenticity_token"=>"93102e7d5e7ee5bd11e9c2e49f2fff34b8aac9f1"}
Rendering viz/index
Rendered viz/_plant (1.0ms)
Completed in 18022ms (View: 9, DB: 0) | 200 OK [http://localhost/]


Processing VizController#index (for 127.0.0.1 at 2008-12-02 16:10:36) [POST]
  Parameters: {"commit"=>"Start Reactor", "X"=>"500", "N"=>"0.5", "authenticity_token"=>"93102e7d5e7ee5bd11e9c2e49f2fff34b8aac9f1"}
Rendering viz/index
Rendered viz/_plant (1.2ms)
Completed in 7549ms (View: 11, DB: 0) | 200 OK [http://localhost/]


Processing VizController#index (for 127.0.0.1 at 2008-12-02 16:10:53) [POST]
  Parameters: {"commit"=>"Start Reactor", "X"=>"500", "N"=>"0.5", "authenticity_token"=>"93102e7d5e7ee5bd11e9c2e49f2fff34b8aac9f1"}


ArgumentError (comparison of Float with Float failed):
    /Library/Ruby/Gems/1.8/gems/ruby-debug-0.10.3/cli/ruby-debug/command.rb:174:in `max'
    /vendor/plugins/reactor/lib/plant.rb:132:in `each'
    /vendor/plugins/reactor/lib/plant.rb:132:in `max'
    /vendor/plugins/reactor/lib/plant.rb:132:in `new_rate'
    /vendor/plugins/reactor/lib/plant.rb:116:in `increment_time'
    /vendor/plugins/reactor/lib/plant.rb:33:in `start_reactor'
    /vendor/plugins/reactor/lib/plant.rb:32:in `times'
    /vendor/plugins/reactor/lib/plant.rb:32:in `start_reactor'
    /app/controllers/viz_controller.rb:4:in `index'
    /Library/Ruby/Gems/1.8/gems/actionpack-2.2.2/lib/action_controller/base.rb:1253:in `send'
    /Library/Ruby/Gems/1.8/gems/actionpack-2.2.2/lib/action_controller/base.rb:1253:in `perform_action_without_filters'
    /Library/Ruby/Gems/1.8/gems/actionpack-2.2.2/lib/action_controller/filters.rb:617:in `call_filters'
    /Library/Ruby/Gems/1.8/gems/actionpack-2.2.2/lib/action_controller/filters.rb:610:in `perform_action_without_benchmark'
    /Library/Ruby/Gems/1.8/gems/actionpack-2.2.2/lib/action_controller/benchmarking.rb:68:in `perform_action_without_rescue'
    /System/Library/Frameworks/Ruby.framework/Versions/1.8/usr/lib/ruby/1.8/benchmark.rb:293:in `measure'
    /Library/Ruby/Gems/1.8/gems/actionpack-2.2.2/lib/action_controller/benchmarking.rb:68:in `perform_action_without_rescue'
    /Library/Ruby/Gems/1.8/gems/actionpack-2.2.2/lib/action_controller/rescue.rb:136:in `perform_action_without_caching'
    /Library/Ruby/Gems/1.8/gems/actionpack-2.2.2/lib/action_controller/caching/sql_cache.rb:13:in `perform_action'
    /Library/Ruby/Gems/1.8/gems/activerecord-2.2.2/lib/active_record/connection_adapters/abstract/query_cache.rb:34:in `cache'
    /Library/Ruby/Gems/1.8/gems/activerecord-2.2.2/lib/active_record/query_cache.rb:8:in `cache'
    /Library/Ruby/Gems/1.8/gems/actionpack-2.2.2/lib/action_controller/caching/sql_cache.rb:12:in `perform_action'
    /Library/Ruby/Gems/1.8/gems/actionpack-2.2.2/lib/action_controller/base.rb:524:in `send'
    /Library/Ruby/Gems/1.8/gems/actionpack-2.2.2/lib/action_controller/base.rb:524:in `process_without_filters'
    /Library/Ruby/Gems/1.8/gems/actionpack-2.2.2/lib/action_controller/filters.rb:606:in `process_without_session_management_support'
    /Library/Ruby/Gems/1.8/gems/actionpack-2.2.2/lib/action_controller/session_management.rb:134:in `process'
    /Library/Ruby/Gems/1.8/gems/actionpack-2.2.2/lib/action_controller/base.rb:392:in `process'
    /Library/Ruby/Gems/1.8/gems/actionpack-2.2.2/lib/action_controller/dispatcher.rb:183:in `handle_request'
    /Library/Ruby/Gems/1.8/gems/actionpack-2.2.2/lib/action_controller/dispatcher.rb:110:in `dispatch_unlocked'
    /Library/Ruby/Gems/1.8/gems/actionpack-2.2.2/lib/action_controller/dispatcher.rb:123:in `dispatch'
    /Library/Ruby/Gems/1.8/gems/actionpack-2.2.2/lib/action_controller/dispatcher.rb:122:in `synchronize'
    /Library/Ruby/Gems/1.8/gems/actionpack-2.2.2/lib/action_controller/dispatcher.rb:122:in `dispatch'
    /Library/Ruby/Gems/1.8/gems/actionpack-2.2.2/lib/action_controller/dispatcher.rb:132:in `dispatch_cgi'
    /Library/Ruby/Gems/1.8/gems/actionpack-2.2.2/lib/action_controller/dispatcher.rb:39:in `dispatch'
    /System/Library/Frameworks/Ruby.framework/Versions/1.8/usr/lib/ruby/gems/1.8/gems/mongrel-1.1.4/bin/../lib/mongrel/rails.rb:76:in `process'
    /System/Library/Frameworks/Ruby.framework/Versions/1.8/usr/lib/ruby/gems/1.8/gems/mongrel-1.1.4/bin/../lib/mongrel/rails.rb:74:in `synchronize'
    /System/Library/Frameworks/Ruby.framework/Versions/1.8/usr/lib/ruby/gems/1.8/gems/mongrel-1.1.4/bin/../lib/mongrel/rails.rb:74:in `process'
    /System/Library/Frameworks/Ruby.framework/Versions/1.8/usr/lib/ruby/gems/1.8/gems/mongrel-1.1.4/lib/mongrel.rb:159:in `process_client'
    /System/Library/Frameworks/Ruby.framework/Versions/1.8/usr/lib/ruby/gems/1.8/gems/mongrel-1.1.4/lib/mongrel.rb:158:in `each'
    /System/Library/Frameworks/Ruby.framework/Versions/1.8/usr/lib/ruby/gems/1.8/gems/mongrel-1.1.4/lib/mongrel.rb:158:in `process_client'
    /System/Library/Frameworks/Ruby.framework/Versions/1.8/usr/lib/ruby/gems/1.8/gems/mongrel-1.1.4/lib/mongrel.rb:285:in `run'
    /System/Library/Frameworks/Ruby.framework/Versions/1.8/usr/lib/ruby/gems/1.8/gems/mongrel-1.1.4/lib/mongrel.rb:285:in `initialize'
    /System/Library/Frameworks/Ruby.framework/Versions/1.8/usr/lib/ruby/gems/1.8/gems/mongrel-1.1.4/lib/mongrel.rb:285:in `new'
    /System/Library/Frameworks/Ruby.framework/Versions/1.8/usr/lib/ruby/gems/1.8/gems/mongrel-1.1.4/lib/mongrel.rb:285:in `run'
    /System/Library/Frameworks/Ruby.framework/Versions/1.8/usr/lib/ruby/gems/1.8/gems/mongrel-1.1.4/lib/mongrel.rb:268:in `initialize'
    /System/Library/Frameworks/Ruby.framework/Versions/1.8/usr/lib/ruby/gems/1.8/gems/mongrel-1.1.4/lib/mongrel.rb:268:in `new'
    /System/Library/Frameworks/Ruby.framework/Versions/1.8/usr/lib/ruby/gems/1.8/gems/mongrel-1.1.4/lib/mongrel.rb:268:in `run'
    /System/Library/Frameworks/Ruby.framework/Versions/1.8/usr/lib/ruby/gems/1.8/gems/mongrel-1.1.4/lib/mongrel/configurator.rb:282:in `run'
    /System/Library/Frameworks/Ruby.framework/Versions/1.8/usr/lib/ruby/gems/1.8/gems/mongrel-1.1.4/lib/mongrel/configurator.rb:281:in `each'
    /System/Library/Frameworks/Ruby.framework/Versions/1.8/usr/lib/ruby/gems/1.8/gems/mongrel-1.1.4/lib/mongrel/configurator.rb:281:in `run'
    /System/Library/Frameworks/Ruby.framework/Versions/1.8/usr/lib/ruby/gems/1.8/gems/mongrel-1.1.4/bin/mongrel_rails:128:in `run'
    /System/Library/Frameworks/Ruby.framework/Versions/1.8/usr/lib/ruby/gems/1.8/gems/mongrel-1.1.4/lib/mongrel/command.rb:212:in `run'
    /System/Library/Frameworks/Ruby.framework/Versions/1.8/usr/lib/ruby/gems/1.8/gems/mongrel-1.1.4/bin/mongrel_rails:281
    /Library/Ruby/Gems/1.8/gems/activesupport-2.2.2/lib/active_support/dependencies.rb:142:in `load_without_new_constant_marking'
    /Library/Ruby/Gems/1.8/gems/activesupport-2.2.2/lib/active_support/dependencies.rb:142:in `load'
    /Library/Ruby/Gems/1.8/gems/activesupport-2.2.2/lib/active_support/dependencies.rb:521:in `new_constants_in'
    /Library/Ruby/Gems/1.8/gems/activesupport-2.2.2/lib/active_support/dependencies.rb:142:in `load'
    /Library/Ruby/Gems/1.8/gems/rails-2.2.2/lib/commands/servers/mongrel.rb:64
    /Library/Ruby/Site/1.8/rubygems/custom_require.rb:31:in `gem_original_require'
    /Library/Ruby/Site/1.8/rubygems/custom_require.rb:31:in `require'
    /Library/Ruby/Gems/1.8/gems/activesupport-2.2.2/lib/active_support/dependencies.rb:153:in `require'
    /Library/Ruby/Gems/1.8/gems/activesupport-2.2.2/lib/active_support/dependencies.rb:521:in `new_constants_in'
    /Library/Ruby/Gems/1.8/gems/activesupport-2.2.2/lib/active_support/dependencies.rb:153:in `require'
    /Library/Ruby/Gems/1.8/gems/rails-2.2.2/lib/commands/server.rb:49
    /Library/Ruby/Site/1.8/rubygems/custom_require.rb:31:in `gem_original_require'
    /Library/Ruby/Site/1.8/rubygems/custom_require.rb:31:in `require'
    script/server:3

Rendered /Library/Ruby/Gems/1.8/gems/actionpack-2.2.2/lib/action_controller/templates/rescues/_trace (121.7ms)
Rendered /Library/Ruby/Gems/1.8/gems/actionpack-2.2.2/lib/action_controller/templates/rescues/_request_and_response (1.4ms)
Rendering /Library/Ruby/Gems/1.8/gems/actionpack-2.2.2/lib/action_controller/templates/rescues/layout.erb (internal_server_error)


Processing VizController#index (for 127.0.0.1 at 2008-12-02 16:11:54) [POST]
  Parameters: {"commit"=>"Start Reactor", "X"=>"500", "N"=>"0.5", "authenticity_token"=>"93102e7d5e7ee5bd11e9c2e49f2fff34b8aac9f1"}


Processing VizController#index (for 127.0.0.1 at 2008-12-02 16:13:49) [GET]
Rendering viz/index
Completed in 6ms (View: 3, DB: 0) | 200 OK [http://localhost/]


Processing VizController#index (for 127.0.0.1 at 2008-12-02 16:13:55) [POST]
  Parameters: {"commit"=>"Start Reactor", "X"=>"500", "N"=>"0.5", "authenticity_token"=>"93102e7d5e7ee5bd11e9c2e49f2fff34b8aac9f1"}


Processing VizController#index (for 127.0.0.1 at 2008-12-02 16:23:45) [POST]
  Parameters: {"commit"=>"Start Reactor", "X"=>"500", "N"=>"0.5", "authenticity_token"=>"93102e7d5e7ee5bd11e9c2e49f2fff34b8aac9f1"}


StandardError (Underfilled! (volume reached 249.43760807759)):
    /vendor/plugins/reactor/lib/plant.rb:104:in `increment_time'
    /vendor/plugins/reactor/lib/plant.rb:32:in `start_reactor'
    /vendor/plugins/reactor/lib/plant.rb:31:in `times'
    /vendor/plugins/reactor/lib/plant.rb:31:in `start_reactor'
    /app/controllers/viz_controller.rb:4:in `index'
    /Library/Ruby/Gems/1.8/gems/actionpack-2.2.2/lib/action_controller/base.rb:1253:in `send'
    /Library/Ruby/Gems/1.8/gems/actionpack-2.2.2/lib/action_controller/base.rb:1253:in `perform_action_without_filters'
    /Library/Ruby/Gems/1.8/gems/actionpack-2.2.2/lib/action_controller/filters.rb:617:in `call_filters'
    /Library/Ruby/Gems/1.8/gems/actionpack-2.2.2/lib/action_controller/filters.rb:610:in `perform_action_without_benchmark'
    /Library/Ruby/Gems/1.8/gems/actionpack-2.2.2/lib/action_controller/benchmarking.rb:68:in `perform_action_without_rescue'
    /System/Library/Frameworks/Ruby.framework/Versions/1.8/usr/lib/ruby/1.8/benchmark.rb:293:in `measure'
    /Library/Ruby/Gems/1.8/gems/actionpack-2.2.2/lib/action_controller/benchmarking.rb:68:in `perform_action_without_rescue'
    /Library/Ruby/Gems/1.8/gems/actionpack-2.2.2/lib/action_controller/rescue.rb:136:in `perform_action_without_caching'
    /Library/Ruby/Gems/1.8/gems/actionpack-2.2.2/lib/action_controller/caching/sql_cache.rb:13:in `perform_action'
    /Library/Ruby/Gems/1.8/gems/activerecord-2.2.2/lib/active_record/connection_adapters/abstract/query_cache.rb:34:in `cache'
    /Library/Ruby/Gems/1.8/gems/activerecord-2.2.2/lib/active_record/query_cache.rb:8:in `cache'
    /Library/Ruby/Gems/1.8/gems/actionpack-2.2.2/lib/action_controller/caching/sql_cache.rb:12:in `perform_action'
    /Library/Ruby/Gems/1.8/gems/actionpack-2.2.2/lib/action_controller/base.rb:524:in `send'
    /Library/Ruby/Gems/1.8/gems/actionpack-2.2.2/lib/action_controller/base.rb:524:in `process_without_filters'
    /Library/Ruby/Gems/1.8/gems/actionpack-2.2.2/lib/action_controller/filters.rb:606:in `process_without_session_management_support'
    /Library/Ruby/Gems/1.8/gems/actionpack-2.2.2/lib/action_controller/session_management.rb:134:in `process'
    /Library/Ruby/Gems/1.8/gems/actionpack-2.2.2/lib/action_controller/base.rb:392:in `process'
    /Library/Ruby/Gems/1.8/gems/actionpack-2.2.2/lib/action_controller/dispatcher.rb:183:in `handle_request'
    /Library/Ruby/Gems/1.8/gems/actionpack-2.2.2/lib/action_controller/dispatcher.rb:110:in `dispatch_unlocked'
    /Library/Ruby/Gems/1.8/gems/actionpack-2.2.2/lib/action_controller/dispatcher.rb:123:in `dispatch'
    /Library/Ruby/Gems/1.8/gems/actionpack-2.2.2/lib/action_controller/dispatcher.rb:122:in `synchronize'
    /Library/Ruby/Gems/1.8/gems/actionpack-2.2.2/lib/action_controller/dispatcher.rb:122:in `dispatch'
    /Library/Ruby/Gems/1.8/gems/actionpack-2.2.2/lib/action_controller/dispatcher.rb:132:in `dispatch_cgi'
    /Library/Ruby/Gems/1.8/gems/actionpack-2.2.2/lib/action_controller/dispatcher.rb:39:in `dispatch'
    /System/Library/Frameworks/Ruby.framework/Versions/1.8/usr/lib/ruby/gems/1.8/gems/mongrel-1.1.4/bin/../lib/mongrel/rails.rb:76:in `process'
    /System/Library/Frameworks/Ruby.framework/Versions/1.8/usr/lib/ruby/gems/1.8/gems/mongrel-1.1.4/bin/../lib/mongrel/rails.rb:74:in `synchronize'
    /System/Library/Frameworks/Ruby.framework/Versions/1.8/usr/lib/ruby/gems/1.8/gems/mongrel-1.1.4/bin/../lib/mongrel/rails.rb:74:in `process'
    /System/Library/Frameworks/Ruby.framework/Versions/1.8/usr/lib/ruby/gems/1.8/gems/mongrel-1.1.4/lib/mongrel.rb:159:in `process_client'
    /System/Library/Frameworks/Ruby.framework/Versions/1.8/usr/lib/ruby/gems/1.8/gems/mongrel-1.1.4/lib/mongrel.rb:158:in `each'
    /System/Library/Frameworks/Ruby.framework/Versions/1.8/usr/lib/ruby/gems/1.8/gems/mongrel-1.1.4/lib/mongrel.rb:158:in `process_client'
    /System/Library/Frameworks/Ruby.framework/Versions/1.8/usr/lib/ruby/gems/1.8/gems/mongrel-1.1.4/lib/mongrel.rb:285:in `run'
    /System/Library/Frameworks/Ruby.framework/Versions/1.8/usr/lib/ruby/gems/1.8/gems/mongrel-1.1.4/lib/mongrel.rb:285:in `initialize'
    /System/Library/Frameworks/Ruby.framework/Versions/1.8/usr/lib/ruby/gems/1.8/gems/mongrel-1.1.4/lib/mongrel.rb:285:in `new'
    /System/Library/Frameworks/Ruby.framework/Versions/1.8/usr/lib/ruby/gems/1.8/gems/mongrel-1.1.4/lib/mongrel.rb:285:in `run'
    /System/Library/Frameworks/Ruby.framework/Versions/1.8/usr/lib/ruby/gems/1.8/gems/mongrel-1.1.4/lib/mongrel.rb:268:in `initialize'
    /System/Library/Frameworks/Ruby.framework/Versions/1.8/usr/lib/ruby/gems/1.8/gems/mongrel-1.1.4/lib/mongrel.rb:268:in `new'
    /System/Library/Frameworks/Ruby.framework/Versions/1.8/usr/lib/ruby/gems/1.8/gems/mongrel-1.1.4/lib/mongrel.rb:268:in `run'
    /System/Library/Frameworks/Ruby.framework/Versions/1.8/usr/lib/ruby/gems/1.8/gems/mongrel-1.1.4/lib/mongrel/configurator.rb:282:in `run'
    /System/Library/Frameworks/Ruby.framework/Versions/1.8/usr/lib/ruby/gems/1.8/gems/mongrel-1.1.4/lib/mongrel/configurator.rb:281:in `each'
    /System/Library/Frameworks/Ruby.framework/Versions/1.8/usr/lib/ruby/gems/1.8/gems/mongrel-1.1.4/lib/mongrel/configurator.rb:281:in `run'
    /System/Library/Frameworks/Ruby.framework/Versions/1.8/usr/lib/ruby/gems/1.8/gems/mongrel-1.1.4/bin/mongrel_rails:128:in `run'
    /System/Library/Frameworks/Ruby.framework/Versions/1.8/usr/lib/ruby/gems/1.8/gems/mongrel-1.1.4/lib/mongrel/command.rb:212:in `run'
    /System/Library/Frameworks/Ruby.framework/Versions/1.8/usr/lib/ruby/gems/1.8/gems/mongrel-1.1.4/bin/mongrel_rails:281
    /Library/Ruby/Gems/1.8/gems/activesupport-2.2.2/lib/active_support/dependencies.rb:142:in `load_without_new_constant_marking'
    /Library/Ruby/Gems/1.8/gems/activesupport-2.2.2/lib/active_support/dependencies.rb:142:in `load'
    /Library/Ruby/Gems/1.8/gems/activesupport-2.2.2/lib/active_support/dependencies.rb:521:in `new_constants_in'
    /Library/Ruby/Gems/1.8/gems/activesupport-2.2.2/lib/active_support/dependencies.rb:142:in `load'
    /Library/Ruby/Gems/1.8/gems/rails-2.2.2/lib/commands/servers/mongrel.rb:64
    /Library/Ruby/Site/1.8/rubygems/custom_require.rb:31:in `gem_original_require'
    /Library/Ruby/Site/1.8/rubygems/custom_require.rb:31:in `require'
    /Library/Ruby/Gems/1.8/gems/activesupport-2.2.2/lib/active_support/dependencies.rb:153:in `require'
    /Library/Ruby/Gems/1.8/gems/activesupport-2.2.2/lib/active_support/dependencies.rb:521:in `new_constants_in'
    /Library/Ruby/Gems/1.8/gems/activesupport-2.2.2/lib/active_support/dependencies.rb:153:in `require'
    /Library/Ruby/Gems/1.8/gems/rails-2.2.2/lib/commands/server.rb:49
    /Library/Ruby/Site/1.8/rubygems/custom_require.rb:31:in `gem_original_require'
    /Library/Ruby/Site/1.8/rubygems/custom_require.rb:31:in `require'
    script/server:3

Rendered /Library/Ruby/Gems/1.8/gems/actionpack-2.2.2/lib/action_controller/templates/rescues/_trace (54.0ms)
Rendered /Library/Ruby/Gems/1.8/gems/actionpack-2.2.2/lib/action_controller/templates/rescues/_request_and_response (1.1ms)
Rendering /Library/Ruby/Gems/1.8/gems/actionpack-2.2.2/lib/action_controller/templates/rescues/layout.erb (internal_server_error)


Processing VizController#index (for 127.0.0.1 at 2008-12-02 16:24:14) [GET]
Rendering viz/index
Completed in 6ms (View: 3, DB: 0) | 200 OK [http://localhost/]


Processing VizController#index (for 127.0.0.1 at 2008-12-02 16:24:17) [POST]
  Parameters: {"commit"=>"Start Reactor", "X"=>"500", "N"=>"0.5", "authenticity_token"=>"93102e7d5e7ee5bd11e9c2e49f2fff34b8aac9f1"}
Rendering viz/index
Rendered viz/_plant (71.4ms)
Completed in 302ms (View: 78, DB: 0) | 200 OK [http://localhost/]


Processing VizController#index (for 127.0.0.1 at 2008-12-02 16:26:28) [POST]
  Parameters: {"commit"=>"Start Reactor", "X"=>"500", "N"=>"0.5", "authenticity_token"=>"93102e7d5e7ee5bd11e9c2e49f2fff34b8aac9f1"}
Rendering viz/index
Rendered viz/_plant (137.6ms)
Completed in 510ms (View: 145, DB: 0) | 200 OK [http://localhost/]


Processing VizController#index (for 127.0.0.1 at 2008-12-02 16:26:50) [POST]
  Parameters: {"commit"=>"Start Reactor", "X"=>"500", "N"=>"0.5", "authenticity_token"=>"93102e7d5e7ee5bd11e9c2e49f2fff34b8aac9f1"}
Rendering viz/index
Rendered viz/_plant (1917.6ms)
Completed in 5367ms (View: 1930, DB: 0) | 200 OK [http://localhost/]


Processing VizController#index (for 127.0.0.1 at 2008-12-02 16:38:30) [POST]
  Parameters: {"commit"=>"Start Reactor", "X"=>"1000", "N"=>"0.5", "authenticity_token"=>"93102e7d5e7ee5bd11e9c2e49f2fff34b8aac9f1"}
Rendering viz/index
Rendered viz/_plant (0.6ms)
Completed in 10ms (View: 7, DB: 0) | 200 OK [http://localhost/]


Processing VizController#index (for 127.0.0.1 at 2008-12-02 16:38:45) [POST]
  Parameters: {"commit"=>"Start Reactor", "X"=>"1000", "N"=>"0.5", "authenticity_token"=>"93102e7d5e7ee5bd11e9c2e49f2fff34b8aac9f1"}
Rendering viz/index
Rendered viz/_plant (0.6ms)
Completed in 10ms (View: 7, DB: 0) | 200 OK [http://localhost/]


Processing VizController#index (for 127.0.0.1 at 2008-12-02 16:39:37) [POST]
  Parameters: {"commit"=>"Start Reactor", "X"=>"1000", "N"=>"0.5", "authenticity_token"=>"93102e7d5e7ee5bd11e9c2e49f2fff34b8aac9f1"}
Rendering viz/index


ActionView::TemplateError (You have a nil object when you didn't expect it!
The error occurred while evaluating nil.message) on line #1 of app/views/viz/_plant.html.erb:
1: <h4><%= @plant.error.message %></h4>
2: <p>The power plant survived for <%= @plant.history.length %> seconds.</p>
3: 
4:     <script type="text/javascript" src="http://www.google.com/jsapi"></script>

    app/views/viz/_plant.html.erb:1
    /Library/Ruby/Gems/1.8/gems/actionpack-2.2.2/lib/action_view/renderable.rb:39:in `send'
    /Library/Ruby/Gems/1.8/gems/actionpack-2.2.2/lib/action_view/renderable.rb:39:in `render'
    /Library/Ruby/Gems/1.8/gems/actionpack-2.2.2/lib/action_view/renderable_partial.rb:20:in `render'
    /Library/Ruby/Gems/1.8/gems/actionpack-2.2.2/lib/action_controller/benchmarking.rb:26:in `benchmark'
    /Library/Ruby/Gems/1.8/gems/activesupport-2.2.2/lib/active_support/core_ext/benchmark.rb:8:in `realtime'
    /Library/Ruby/Gems/1.8/gems/actionpack-2.2.2/lib/action_controller/benchmarking.rb:26:in `benchmark'
    /Library/Ruby/Gems/1.8/gems/actionpack-2.2.2/lib/action_view/renderable_partial.rb:19:in `render'
    /Library/Ruby/Gems/1.8/gems/actionpack-2.2.2/lib/action_view/template.rb:73:in `render_template'
    /Library/Ruby/Gems/1.8/gems/actionpack-2.2.2/lib/action_view/renderable_partial.rb:45:in `render_partial'
    /Library/Ruby/Gems/1.8/gems/actionpack-2.2.2/lib/action_view/partials.rb:152:in `render_partial'
    /Library/Ruby/Gems/1.8/gems/actionpack-2.2.2/lib/action_view/base.rb:258:in `render'
    app/views/viz/index.html.erb:3
    /Library/Ruby/Gems/1.8/gems/actionpack-2.2.2/lib/action_view/renderable.rb:39:in `send'
    /Library/Ruby/Gems/1.8/gems/actionpack-2.2.2/lib/action_view/renderable.rb:39:in `render'
    /Library/Ruby/Gems/1.8/gems/actionpack-2.2.2/lib/action_view/template.rb:73:in `render_template'
    /Library/Ruby/Gems/1.8/gems/actionpack-2.2.2/lib/action_view/base.rb:256:in `render'
    /Library/Ruby/Gems/1.8/gems/actionpack-2.2.2/lib/action_controller/base.rb:1174:in `render_for_file'
    /Library/Ruby/Gems/1.8/gems/actionpack-2.2.2/lib/action_controller/base.rb:896:in `render_without_benchmark'
    /Library/Ruby/Gems/1.8/gems/actionpack-2.2.2/lib/action_controller/benchmarking.rb:51:in `render'
    /Library/Ruby/Gems/1.8/gems/activesupport-2.2.2/lib/active_support/core_ext/benchmark.rb:8:in `realtime'
    /Library/Ruby/Gems/1.8/gems/actionpack-2.2.2/lib/action_controller/benchmarking.rb:51:in `render'
    /Library/Ruby/Gems/1.8/gems/actionpack-2.2.2/lib/action_controller/base.rb:868:in `render_without_benchmark'
    /Library/Ruby/Gems/1.8/gems/actionpack-2.2.2/lib/action_controller/benchmarking.rb:51:in `render'
    /Library/Ruby/Gems/1.8/gems/activesupport-2.2.2/lib/active_support/core_ext/benchmark.rb:8:in `realtime'
    /Library/Ruby/Gems/1.8/gems/actionpack-2.2.2/lib/action_controller/benchmarking.rb:51:in `render'
    /Library/Ruby/Gems/1.8/gems/actionpack-2.2.2/lib/action_controller/base.rb:1248:in `default_render'
    /Library/Ruby/Gems/1.8/gems/actionpack-2.2.2/lib/action_controller/base.rb:1254:in `perform_action_without_filters'
    /Library/Ruby/Gems/1.8/gems/actionpack-2.2.2/lib/action_controller/filters.rb:617:in `call_filters'
    /Library/Ruby/Gems/1.8/gems/actionpack-2.2.2/lib/action_controller/filters.rb:610:in `perform_action_without_benchmark'
    /Library/Ruby/Gems/1.8/gems/actionpack-2.2.2/lib/action_controller/benchmarking.rb:68:in `perform_action_without_rescue'
    /System/Library/Frameworks/Ruby.framework/Versions/1.8/usr/lib/ruby/1.8/benchmark.rb:293:in `measure'
    /Library/Ruby/Gems/1.8/gems/actionpack-2.2.2/lib/action_controller/benchmarking.rb:68:in `perform_action_without_rescue'
    /Library/Ruby/Gems/1.8/gems/actionpack-2.2.2/lib/action_controller/rescue.rb:136:in `perform_action_without_caching'
    /Library/Ruby/Gems/1.8/gems/actionpack-2.2.2/lib/action_controller/caching/sql_cache.rb:13:in `perform_action'
    /Library/Ruby/Gems/1.8/gems/activerecord-2.2.2/lib/active_record/connection_adapters/abstract/query_cache.rb:34:in `cache'
    /Library/Ruby/Gems/1.8/gems/activerecord-2.2.2/lib/active_record/query_cache.rb:8:in `cache'
    /Library/Ruby/Gems/1.8/gems/actionpack-2.2.2/lib/action_controller/caching/sql_cache.rb:12:in `perform_action'
    /Library/Ruby/Gems/1.8/gems/actionpack-2.2.2/lib/action_controller/base.rb:524:in `send'
    /Library/Ruby/Gems/1.8/gems/actionpack-2.2.2/lib/action_controller/base.rb:524:in `process_without_filters'
    /Library/Ruby/Gems/1.8/gems/actionpack-2.2.2/lib/action_controller/filters.rb:606:in `process_without_session_management_support'
    /Library/Ruby/Gems/1.8/gems/actionpack-2.2.2/lib/action_controller/session_management.rb:134:in `process'
    /Library/Ruby/Gems/1.8/gems/actionpack-2.2.2/lib/action_controller/base.rb:392:in `process'
    /Library/Ruby/Gems/1.8/gems/actionpack-2.2.2/lib/action_controller/dispatcher.rb:183:in `handle_request'
    /Library/Ruby/Gems/1.8/gems/actionpack-2.2.2/lib/action_controller/dispatcher.rb:110:in `dispatch_unlocked'
    /Library/Ruby/Gems/1.8/gems/actionpack-2.2.2/lib/action_controller/dispatcher.rb:123:in `dispatch'
    /Library/Ruby/Gems/1.8/gems/actionpack-2.2.2/lib/action_controller/dispatcher.rb:122:in `synchronize'
    /Library/Ruby/Gems/1.8/gems/actionpack-2.2.2/lib/action_controller/dispatcher.rb:122:in `dispatch'
    /Library/Ruby/Gems/1.8/gems/actionpack-2.2.2/lib/action_controller/dispatcher.rb:132:in `dispatch_cgi'
    /Library/Ruby/Gems/1.8/gems/actionpack-2.2.2/lib/action_controller/dispatcher.rb:39:in `dispatch'
    /System/Library/Frameworks/Ruby.framework/Versions/1.8/usr/lib/ruby/gems/1.8/gems/mongrel-1.1.4/lib/mongrel/rails.rb:76:in `process'
    /System/Library/Frameworks/Ruby.framework/Versions/1.8/usr/lib/ruby/gems/1.8/gems/mongrel-1.1.4/lib/mongrel/rails.rb:74:in `synchronize'
    /System/Library/Frameworks/Ruby.framework/Versions/1.8/usr/lib/ruby/gems/1.8/gems/mongrel-1.1.4/lib/mongrel/rails.rb:74:in `process'
    /System/Library/Frameworks/Ruby.framework/Versions/1.8/usr/lib/ruby/gems/1.8/gems/mongrel-1.1.4/lib/mongrel.rb:159:in `process_client'
    /System/Library/Frameworks/Ruby.framework/Versions/1.8/usr/lib/ruby/gems/1.8/gems/mongrel-1.1.4/lib/mongrel.rb:158:in `each'
    /System/Library/Frameworks/Ruby.framework/Versions/1.8/usr/lib/ruby/gems/1.8/gems/mongrel-1.1.4/lib/mongrel.rb:158:in `process_client'
    /System/Library/Frameworks/Ruby.framework/Versions/1.8/usr/lib/ruby/gems/1.8/gems/mongrel-1.1.4/lib/mongrel.rb:285:in `run'
    /System/Library/Frameworks/Ruby.framework/Versions/1.8/usr/lib/ruby/gems/1.8/gems/mongrel-1.1.4/lib/mongrel.rb:285:in `initialize'
    /System/Library/Frameworks/Ruby.framework/Versions/1.8/usr/lib/ruby/gems/1.8/gems/mongrel-1.1.4/lib/mongrel.rb:285:in `new'
    /System/Library/Frameworks/Ruby.framework/Versions/1.8/usr/lib/ruby/gems/1.8/gems/mongrel-1.1.4/lib/mongrel.rb:285:in `run'
    /System/Library/Frameworks/Ruby.framework/Versions/1.8/usr/lib/ruby/gems/1.8/gems/mongrel-1.1.4/lib/mongrel.rb:268:in `initialize'
    /System/Library/Frameworks/Ruby.framework/Versions/1.8/usr/lib/ruby/gems/1.8/gems/mongrel-1.1.4/lib/mongrel.rb:268:in `new'
    /System/Library/Frameworks/Ruby.framework/Versions/1.8/usr/lib/ruby/gems/1.8/gems/mongrel-1.1.4/lib/mongrel.rb:268:in `run'
    /System/Library/Frameworks/Ruby.framework/Versions/1.8/usr/lib/ruby/gems/1.8/gems/mongrel-1.1.4/lib/mongrel/configurator.rb:282:in `run'
    /System/Library/Frameworks/Ruby.framework/Versions/1.8/usr/lib/ruby/gems/1.8/gems/mongrel-1.1.4/lib/mongrel/configurator.rb:281:in `each'
    /System/Library/Frameworks/Ruby.framework/Versions/1.8/usr/lib/ruby/gems/1.8/gems/mongrel-1.1.4/lib/mongrel/configurator.rb:281:in `run'
    /System/Library/Frameworks/Ruby.framework/Versions/1.8/usr/lib/ruby/gems/1.8/gems/mongrel-1.1.4/bin/mongrel_rails:128:in `run'
    /System/Library/Frameworks/Ruby.framework/Versions/1.8/usr/lib/ruby/gems/1.8/gems/mongrel-1.1.4/lib/mongrel/command.rb:212:in `run'
    /System/Library/Frameworks/Ruby.framework/Versions/1.8/usr/lib/ruby/gems/1.8/gems/mongrel-1.1.4/bin/mongrel_rails:281
    /Library/Ruby/Gems/1.8/gems/activesupport-2.2.2/lib/active_support/dependencies.rb:142:in `load_without_new_constant_marking'
    /Library/Ruby/Gems/1.8/gems/activesupport-2.2.2/lib/active_support/dependencies.rb:142:in `load'
    /Library/Ruby/Gems/1.8/gems/activesupport-2.2.2/lib/active_support/dependencies.rb:521:in `new_constants_in'
    /Library/Ruby/Gems/1.8/gems/activesupport-2.2.2/lib/active_support/dependencies.rb:142:in `load'
    /Library/Ruby/Gems/1.8/gems/rails-2.2.2/lib/commands/servers/mongrel.rb:64
    /Library/Ruby/Site/1.8/rubygems/custom_require.rb:31:in `gem_original_require'
    /Library/Ruby/Site/1.8/rubygems/custom_require.rb:31:in `require'
    /Library/Ruby/Gems/1.8/gems/activesupport-2.2.2/lib/active_support/dependencies.rb:153:in `require'
    /Library/Ruby/Gems/1.8/gems/activesupport-2.2.2/lib/active_support/dependencies.rb:521:in `new_constants_in'
    /Library/Ruby/Gems/1.8/gems/activesupport-2.2.2/lib/active_support/dependencies.rb:153:in `require'
    /Library/Ruby/Gems/1.8/gems/rails-2.2.2/lib/commands/server.rb:49
    /Library/Ruby/Site/1.8/rubygems/custom_require.rb:31:in `gem_original_require'
    /Library/Ruby/Site/1.8/rubygems/custom_require.rb:31:in `require'
    script/server:3

Rendered /Library/Ruby/Gems/1.8/gems/actionpack-2.2.2/lib/action_controller/templates/rescues/_trace (78.1ms)
Rendered /Library/Ruby/Gems/1.8/gems/actionpack-2.2.2/lib/action_controller/templates/rescues/_request_and_response (2.4ms)
Rendering /Library/Ruby/Gems/1.8/gems/actionpack-2.2.2/lib/action_controller/templates/rescues/layout.erb (internal_server_error)


Processing VizController#index (for 127.0.0.1 at 2008-12-02 16:41:54) [POST]
  Parameters: {"commit"=>"Start Reactor", "X"=>"500", "N"=>"2.0", "authenticity_token"=>"93102e7d5e7ee5bd11e9c2e49f2fff34b8aac9f1"}
Rendering viz/index
Rendered viz/_plant (659.6ms)
Completed in 1908ms (View: 669, DB: 0) | 200 OK [http://localhost/]
